[2024-04-23 20:54:10,799] {processor.py:153} INFO - Started process (PID=75) to work on /opt/airflow/dags/first_dag.py
[2024-04-23 20:54:10,803] {processor.py:641} INFO - Processing file /opt/airflow/dags/first_dag.py for tasks to queue
[2024-04-23 20:54:10,813] {logging_mixin.py:115} INFO - [2024-04-23 20:54:10,812] {dagbag.py:507} INFO - Filling up the DagBag from /opt/airflow/dags/first_dag.py
[2024-04-23 20:54:11,140] {processor.py:651} INFO - DAG(s) dict_keys(['first_dag']) retrieved from /opt/airflow/dags/first_dag.py
[2024-04-23 20:54:27,764] {logging_mixin.py:115} INFO - [2024-04-23 20:54:27,763] {manager.py:508} INFO - Created Permission View: can delete on DAG:first_dag
[2024-04-23 20:54:27,894] {logging_mixin.py:115} INFO - [2024-04-23 20:54:27,894] {manager.py:508} INFO - Created Permission View: can edit on DAG:first_dag
[2024-04-23 20:54:27,950] {logging_mixin.py:115} INFO - [2024-04-23 20:54:27,950] {manager.py:508} INFO - Created Permission View: can read on DAG:first_dag
[2024-04-23 20:54:27,951] {logging_mixin.py:115} INFO - [2024-04-23 20:54:27,951] {dag.py:2371} INFO - Sync 1 DAGs
[2024-04-23 20:54:28,014] {logging_mixin.py:115} INFO - [2024-04-23 20:54:28,013] {dag.py:2390} INFO - Creating ORM DAG for first_dag
[2024-04-23 20:54:28,101] {logging_mixin.py:115} INFO - [2024-04-23 20:54:28,099] {dag.py:2919} INFO - Setting next_dagrun for first_dag to 2024-04-23T20:53:28.095532+00:00, run_after=2024-04-23T20:54:28.095532+00:00
[2024-04-23 20:54:28,201] {processor.py:161} INFO - Processing /opt/airflow/dags/first_dag.py took 17.485 seconds
[2024-04-23 20:55:23,151] {processor.py:153} INFO - Started process (PID=154) to work on /opt/airflow/dags/first_dag.py
[2024-04-23 20:55:23,154] {processor.py:641} INFO - Processing file /opt/airflow/dags/first_dag.py for tasks to queue
[2024-04-23 20:55:23,157] {logging_mixin.py:115} INFO - [2024-04-23 20:55:23,157] {dagbag.py:507} INFO - Filling up the DagBag from /opt/airflow/dags/first_dag.py
[2024-04-23 20:55:23,227] {processor.py:651} INFO - DAG(s) dict_keys(['first_dag']) retrieved from /opt/airflow/dags/first_dag.py
[2024-04-23 20:55:23,292] {logging_mixin.py:115} INFO - [2024-04-23 20:55:23,292] {dag.py:2371} INFO - Sync 1 DAGs
[2024-04-23 20:55:23,365] {logging_mixin.py:115} INFO - [2024-04-23 20:55:23,365] {dag.py:2919} INFO - Setting next_dagrun for first_dag to 2024-04-23T20:54:23.364696+00:00, run_after=2024-04-23T20:55:23.364696+00:00
[2024-04-23 20:55:23,764] {processor.py:161} INFO - Processing /opt/airflow/dags/first_dag.py took 0.628 seconds
[2024-04-23 20:55:53,994] {processor.py:153} INFO - Started process (PID=224) to work on /opt/airflow/dags/first_dag.py
[2024-04-23 20:55:53,996] {processor.py:641} INFO - Processing file /opt/airflow/dags/first_dag.py for tasks to queue
[2024-04-23 20:55:53,997] {logging_mixin.py:115} INFO - [2024-04-23 20:55:53,997] {dagbag.py:507} INFO - Filling up the DagBag from /opt/airflow/dags/first_dag.py
[2024-04-23 20:55:54,023] {processor.py:651} INFO - DAG(s) dict_keys(['first_dag']) retrieved from /opt/airflow/dags/first_dag.py
[2024-04-23 20:55:54,059] {logging_mixin.py:115} INFO - [2024-04-23 20:55:54,059] {dag.py:2371} INFO - Sync 1 DAGs
[2024-04-23 20:55:54,095] {logging_mixin.py:115} INFO - [2024-04-23 20:55:54,095] {dag.py:2919} INFO - Setting next_dagrun for first_dag to 2024-04-23T20:54:54.095389+00:00, run_after=2024-04-23T20:55:54.095389+00:00
[2024-04-23 20:55:54,298] {processor.py:161} INFO - Processing /opt/airflow/dags/first_dag.py took 0.311 seconds
[2024-04-23 20:56:25,548] {processor.py:153} INFO - Started process (PID=285) to work on /opt/airflow/dags/first_dag.py
[2024-04-23 20:56:25,549] {processor.py:641} INFO - Processing file /opt/airflow/dags/first_dag.py for tasks to queue
[2024-04-23 20:56:25,551] {logging_mixin.py:115} INFO - [2024-04-23 20:56:25,551] {dagbag.py:507} INFO - Filling up the DagBag from /opt/airflow/dags/first_dag.py
[2024-04-23 20:56:25,588] {processor.py:651} INFO - DAG(s) dict_keys(['first_dag']) retrieved from /opt/airflow/dags/first_dag.py
[2024-04-23 20:56:25,641] {logging_mixin.py:115} INFO - [2024-04-23 20:56:25,641] {dag.py:2371} INFO - Sync 1 DAGs
[2024-04-23 20:56:25,687] {logging_mixin.py:115} INFO - [2024-04-23 20:56:25,687] {dag.py:2919} INFO - Setting next_dagrun for first_dag to 2024-04-23T20:55:25.687236+00:00, run_after=2024-04-23T20:56:25.687236+00:00
[2024-04-23 20:56:25,908] {processor.py:161} INFO - Processing /opt/airflow/dags/first_dag.py took 0.369 seconds
[2024-04-23 20:56:56,379] {processor.py:153} INFO - Started process (PID=355) to work on /opt/airflow/dags/first_dag.py
[2024-04-23 20:56:56,380] {processor.py:641} INFO - Processing file /opt/airflow/dags/first_dag.py for tasks to queue
[2024-04-23 20:56:56,382] {logging_mixin.py:115} INFO - [2024-04-23 20:56:56,382] {dagbag.py:507} INFO - Filling up the DagBag from /opt/airflow/dags/first_dag.py
[2024-04-23 20:56:56,406] {processor.py:651} INFO - DAG(s) dict_keys(['first_dag']) retrieved from /opt/airflow/dags/first_dag.py
[2024-04-23 20:56:56,445] {logging_mixin.py:115} INFO - [2024-04-23 20:56:56,445] {dag.py:2371} INFO - Sync 1 DAGs
[2024-04-23 20:56:56,479] {logging_mixin.py:115} INFO - [2024-04-23 20:56:56,479] {dag.py:2919} INFO - Setting next_dagrun for first_dag to 2024-04-23T20:55:56.479408+00:00, run_after=2024-04-23T20:56:56.479408+00:00
[2024-04-23 20:56:56,652] {processor.py:161} INFO - Processing /opt/airflow/dags/first_dag.py took 0.277 seconds
[2024-04-23 20:57:28,867] {processor.py:153} INFO - Started process (PID=416) to work on /opt/airflow/dags/first_dag.py
[2024-04-23 20:57:28,868] {processor.py:641} INFO - Processing file /opt/airflow/dags/first_dag.py for tasks to queue
[2024-04-23 20:57:28,872] {logging_mixin.py:115} INFO - [2024-04-23 20:57:28,871] {dagbag.py:507} INFO - Filling up the DagBag from /opt/airflow/dags/first_dag.py
[2024-04-23 20:57:28,930] {processor.py:651} INFO - DAG(s) dict_keys(['first_dag']) retrieved from /opt/airflow/dags/first_dag.py
[2024-04-23 20:57:28,999] {logging_mixin.py:115} INFO - [2024-04-23 20:57:28,999] {dag.py:2371} INFO - Sync 1 DAGs
[2024-04-23 20:57:29,085] {logging_mixin.py:115} INFO - [2024-04-23 20:57:29,085] {dag.py:2919} INFO - Setting next_dagrun for first_dag to 2024-04-23T20:56:29.085151+00:00, run_after=2024-04-23T20:57:29.085151+00:00
[2024-04-23 20:57:29,507] {processor.py:161} INFO - Processing /opt/airflow/dags/first_dag.py took 0.650 seconds
[2024-04-23 20:58:00,443] {processor.py:153} INFO - Started process (PID=486) to work on /opt/airflow/dags/first_dag.py
[2024-04-23 20:58:00,444] {processor.py:641} INFO - Processing file /opt/airflow/dags/first_dag.py for tasks to queue
[2024-04-23 20:58:00,444] {logging_mixin.py:115} INFO - [2024-04-23 20:58:00,444] {dagbag.py:507} INFO - Filling up the DagBag from /opt/airflow/dags/first_dag.py
[2024-04-23 20:58:00,470] {processor.py:651} INFO - DAG(s) dict_keys(['first_dag']) retrieved from /opt/airflow/dags/first_dag.py
[2024-04-23 20:58:00,518] {logging_mixin.py:115} INFO - [2024-04-23 20:58:00,518] {dag.py:2371} INFO - Sync 1 DAGs
[2024-04-23 20:58:00,569] {logging_mixin.py:115} INFO - [2024-04-23 20:58:00,569] {dag.py:2919} INFO - Setting next_dagrun for first_dag to 2024-04-23T20:57:00.569088+00:00, run_after=2024-04-23T20:58:00.569088+00:00
[2024-04-23 20:58:00,807] {processor.py:161} INFO - Processing /opt/airflow/dags/first_dag.py took 0.370 seconds
[2024-04-23 20:58:31,341] {processor.py:153} INFO - Started process (PID=548) to work on /opt/airflow/dags/first_dag.py
[2024-04-23 20:58:31,342] {processor.py:641} INFO - Processing file /opt/airflow/dags/first_dag.py for tasks to queue
[2024-04-23 20:58:31,343] {logging_mixin.py:115} INFO - [2024-04-23 20:58:31,343] {dagbag.py:507} INFO - Filling up the DagBag from /opt/airflow/dags/first_dag.py
[2024-04-23 20:58:31,378] {processor.py:651} INFO - DAG(s) dict_keys(['first_dag']) retrieved from /opt/airflow/dags/first_dag.py
[2024-04-23 20:58:31,417] {logging_mixin.py:115} INFO - [2024-04-23 20:58:31,417] {dag.py:2371} INFO - Sync 1 DAGs
[2024-04-23 20:58:31,448] {logging_mixin.py:115} INFO - [2024-04-23 20:58:31,448] {dag.py:2919} INFO - Setting next_dagrun for first_dag to 2024-04-23T20:57:31.448008+00:00, run_after=2024-04-23T20:58:31.448008+00:00
[2024-04-23 20:58:31,622] {processor.py:161} INFO - Processing /opt/airflow/dags/first_dag.py took 0.286 seconds
[2024-04-23 20:59:02,388] {processor.py:153} INFO - Started process (PID=619) to work on /opt/airflow/dags/first_dag.py
[2024-04-23 20:59:02,389] {processor.py:641} INFO - Processing file /opt/airflow/dags/first_dag.py for tasks to queue
[2024-04-23 20:59:02,390] {logging_mixin.py:115} INFO - [2024-04-23 20:59:02,390] {dagbag.py:507} INFO - Filling up the DagBag from /opt/airflow/dags/first_dag.py
[2024-04-23 20:59:02,409] {processor.py:651} INFO - DAG(s) dict_keys(['first_dag']) retrieved from /opt/airflow/dags/first_dag.py
[2024-04-23 20:59:02,447] {logging_mixin.py:115} INFO - [2024-04-23 20:59:02,447] {dag.py:2371} INFO - Sync 1 DAGs
[2024-04-23 20:59:02,647] {logging_mixin.py:115} INFO - [2024-04-23 20:59:02,647] {dag.py:2919} INFO - Setting next_dagrun for first_dag to 2024-04-23T20:58:02.647412+00:00, run_after=2024-04-23T20:59:02.647412+00:00
[2024-04-23 20:59:02,666] {processor.py:161} INFO - Processing /opt/airflow/dags/first_dag.py took 0.283 seconds
[2024-04-23 20:59:33,435] {processor.py:153} INFO - Started process (PID=689) to work on /opt/airflow/dags/first_dag.py
[2024-04-23 20:59:33,436] {processor.py:641} INFO - Processing file /opt/airflow/dags/first_dag.py for tasks to queue
[2024-04-23 20:59:33,438] {logging_mixin.py:115} INFO - [2024-04-23 20:59:33,437] {dagbag.py:507} INFO - Filling up the DagBag from /opt/airflow/dags/first_dag.py
[2024-04-23 20:59:33,475] {processor.py:651} INFO - DAG(s) dict_keys(['first_dag']) retrieved from /opt/airflow/dags/first_dag.py
[2024-04-23 20:59:33,523] {logging_mixin.py:115} INFO - [2024-04-23 20:59:33,523] {dag.py:2371} INFO - Sync 1 DAGs
[2024-04-23 20:59:33,748] {logging_mixin.py:115} INFO - [2024-04-23 20:59:33,747] {dag.py:2919} INFO - Setting next_dagrun for first_dag to 2024-04-23T20:58:33.747655+00:00, run_after=2024-04-23T20:59:33.747655+00:00
[2024-04-23 20:59:33,767] {processor.py:161} INFO - Processing /opt/airflow/dags/first_dag.py took 0.339 seconds
[2024-04-23 21:00:04,625] {processor.py:153} INFO - Started process (PID=750) to work on /opt/airflow/dags/first_dag.py
[2024-04-23 21:00:04,626] {processor.py:641} INFO - Processing file /opt/airflow/dags/first_dag.py for tasks to queue
[2024-04-23 21:00:04,628] {logging_mixin.py:115} INFO - [2024-04-23 21:00:04,628] {dagbag.py:507} INFO - Filling up the DagBag from /opt/airflow/dags/first_dag.py
[2024-04-23 21:00:04,651] {processor.py:651} INFO - DAG(s) dict_keys(['first_dag']) retrieved from /opt/airflow/dags/first_dag.py
[2024-04-23 21:00:04,697] {logging_mixin.py:115} INFO - [2024-04-23 21:00:04,697] {dag.py:2371} INFO - Sync 1 DAGs
[2024-04-23 21:00:04,919] {logging_mixin.py:115} INFO - [2024-04-23 21:00:04,918] {dag.py:2919} INFO - Setting next_dagrun for first_dag to 2024-04-23T20:59:04.918479+00:00, run_after=2024-04-23T21:00:04.918479+00:00
[2024-04-23 21:00:04,938] {processor.py:161} INFO - Processing /opt/airflow/dags/first_dag.py took 0.320 seconds
[2024-04-23 21:00:35,404] {processor.py:153} INFO - Started process (PID=819) to work on /opt/airflow/dags/first_dag.py
[2024-04-23 21:00:35,404] {processor.py:641} INFO - Processing file /opt/airflow/dags/first_dag.py for tasks to queue
[2024-04-23 21:00:35,405] {logging_mixin.py:115} INFO - [2024-04-23 21:00:35,405] {dagbag.py:507} INFO - Filling up the DagBag from /opt/airflow/dags/first_dag.py
[2024-04-23 21:00:35,425] {processor.py:651} INFO - DAG(s) dict_keys(['first_dag']) retrieved from /opt/airflow/dags/first_dag.py
[2024-04-23 21:00:35,476] {logging_mixin.py:115} INFO - [2024-04-23 21:00:35,476] {dag.py:2371} INFO - Sync 1 DAGs
[2024-04-23 21:00:35,712] {logging_mixin.py:115} INFO - [2024-04-23 21:00:35,712] {dag.py:2919} INFO - Setting next_dagrun for first_dag to 2024-04-23T20:59:35.711808+00:00, run_after=2024-04-23T21:00:35.711808+00:00
[2024-04-23 21:00:35,728] {processor.py:161} INFO - Processing /opt/airflow/dags/first_dag.py took 0.329 seconds
[2024-04-23 21:01:06,240] {processor.py:153} INFO - Started process (PID=879) to work on /opt/airflow/dags/first_dag.py
[2024-04-23 21:01:06,241] {processor.py:641} INFO - Processing file /opt/airflow/dags/first_dag.py for tasks to queue
[2024-04-23 21:01:06,242] {logging_mixin.py:115} INFO - [2024-04-23 21:01:06,242] {dagbag.py:507} INFO - Filling up the DagBag from /opt/airflow/dags/first_dag.py
[2024-04-23 21:01:06,259] {processor.py:651} INFO - DAG(s) dict_keys(['first_dag']) retrieved from /opt/airflow/dags/first_dag.py
[2024-04-23 21:01:06,292] {logging_mixin.py:115} INFO - [2024-04-23 21:01:06,292] {dag.py:2371} INFO - Sync 1 DAGs
[2024-04-23 21:01:06,481] {logging_mixin.py:115} INFO - [2024-04-23 21:01:06,481] {dag.py:2919} INFO - Setting next_dagrun for first_dag to 2024-04-23T21:00:06.480695+00:00, run_after=2024-04-23T21:01:06.480695+00:00
[2024-04-23 21:01:06,498] {processor.py:161} INFO - Processing /opt/airflow/dags/first_dag.py took 0.263 seconds
[2024-04-23 21:01:36,599] {processor.py:153} INFO - Started process (PID=948) to work on /opt/airflow/dags/first_dag.py
[2024-04-23 21:01:36,600] {processor.py:641} INFO - Processing file /opt/airflow/dags/first_dag.py for tasks to queue
[2024-04-23 21:01:36,601] {logging_mixin.py:115} INFO - [2024-04-23 21:01:36,601] {dagbag.py:507} INFO - Filling up the DagBag from /opt/airflow/dags/first_dag.py
[2024-04-23 21:01:36,623] {processor.py:651} INFO - DAG(s) dict_keys(['first_dag']) retrieved from /opt/airflow/dags/first_dag.py
[2024-04-23 21:01:36,660] {logging_mixin.py:115} INFO - [2024-04-23 21:01:36,660] {dag.py:2371} INFO - Sync 1 DAGs
[2024-04-23 21:01:36,842] {logging_mixin.py:115} INFO - [2024-04-23 21:01:36,842] {dag.py:2919} INFO - Setting next_dagrun for first_dag to 2024-04-23T21:00:36.842455+00:00, run_after=2024-04-23T21:01:36.842455+00:00
[2024-04-23 21:01:36,856] {processor.py:161} INFO - Processing /opt/airflow/dags/first_dag.py took 0.261 seconds
[2024-04-23 21:02:07,145] {processor.py:153} INFO - Started process (PID=1016) to work on /opt/airflow/dags/first_dag.py
[2024-04-23 21:02:07,146] {processor.py:641} INFO - Processing file /opt/airflow/dags/first_dag.py for tasks to queue
[2024-04-23 21:02:07,148] {logging_mixin.py:115} INFO - [2024-04-23 21:02:07,148] {dagbag.py:507} INFO - Filling up the DagBag from /opt/airflow/dags/first_dag.py
[2024-04-23 21:02:07,172] {processor.py:651} INFO - DAG(s) dict_keys(['first_dag']) retrieved from /opt/airflow/dags/first_dag.py
[2024-04-23 21:02:07,214] {logging_mixin.py:115} INFO - [2024-04-23 21:02:07,214] {dag.py:2371} INFO - Sync 1 DAGs
[2024-04-23 21:02:07,469] {logging_mixin.py:115} INFO - [2024-04-23 21:02:07,469] {dag.py:2919} INFO - Setting next_dagrun for first_dag to 2024-04-23T21:01:07.468943+00:00, run_after=2024-04-23T21:02:07.468943+00:00
[2024-04-23 21:02:07,491] {processor.py:161} INFO - Processing /opt/airflow/dags/first_dag.py took 0.355 seconds
[2024-04-23 21:02:37,978] {processor.py:153} INFO - Started process (PID=1078) to work on /opt/airflow/dags/first_dag.py
[2024-04-23 21:02:37,980] {processor.py:641} INFO - Processing file /opt/airflow/dags/first_dag.py for tasks to queue
[2024-04-23 21:02:37,981] {logging_mixin.py:115} INFO - [2024-04-23 21:02:37,981] {dagbag.py:507} INFO - Filling up the DagBag from /opt/airflow/dags/first_dag.py
[2024-04-23 21:02:38,002] {processor.py:651} INFO - DAG(s) dict_keys(['first_dag']) retrieved from /opt/airflow/dags/first_dag.py
[2024-04-23 21:02:38,033] {logging_mixin.py:115} INFO - [2024-04-23 21:02:38,033] {dag.py:2371} INFO - Sync 1 DAGs
[2024-04-23 21:02:38,267] {logging_mixin.py:115} INFO - [2024-04-23 21:02:38,266] {dag.py:2919} INFO - Setting next_dagrun for first_dag to 2024-04-23T21:01:38.266708+00:00, run_after=2024-04-23T21:02:38.266708+00:00
[2024-04-23 21:02:38,281] {processor.py:161} INFO - Processing /opt/airflow/dags/first_dag.py took 0.310 seconds
[2024-04-23 21:03:08,381] {processor.py:153} INFO - Started process (PID=1149) to work on /opt/airflow/dags/first_dag.py
[2024-04-23 21:03:08,382] {processor.py:641} INFO - Processing file /opt/airflow/dags/first_dag.py for tasks to queue
[2024-04-23 21:03:08,383] {logging_mixin.py:115} INFO - [2024-04-23 21:03:08,383] {dagbag.py:507} INFO - Filling up the DagBag from /opt/airflow/dags/first_dag.py
[2024-04-23 21:03:08,402] {processor.py:651} INFO - DAG(s) dict_keys(['first_dag']) retrieved from /opt/airflow/dags/first_dag.py
[2024-04-23 21:03:08,442] {logging_mixin.py:115} INFO - [2024-04-23 21:03:08,441] {dag.py:2371} INFO - Sync 1 DAGs
[2024-04-23 21:03:08,628] {logging_mixin.py:115} INFO - [2024-04-23 21:03:08,627] {dag.py:2919} INFO - Setting next_dagrun for first_dag to 2024-04-23T21:02:08.627753+00:00, run_after=2024-04-23T21:03:08.627753+00:00
[2024-04-23 21:03:08,642] {processor.py:161} INFO - Processing /opt/airflow/dags/first_dag.py took 0.269 seconds
[2024-04-23 21:03:39,271] {processor.py:153} INFO - Started process (PID=1210) to work on /opt/airflow/dags/first_dag.py
[2024-04-23 21:03:39,272] {processor.py:641} INFO - Processing file /opt/airflow/dags/first_dag.py for tasks to queue
[2024-04-23 21:03:39,273] {logging_mixin.py:115} INFO - [2024-04-23 21:03:39,273] {dagbag.py:507} INFO - Filling up the DagBag from /opt/airflow/dags/first_dag.py
[2024-04-23 21:03:39,293] {processor.py:651} INFO - DAG(s) dict_keys(['first_dag']) retrieved from /opt/airflow/dags/first_dag.py
[2024-04-23 21:03:39,327] {logging_mixin.py:115} INFO - [2024-04-23 21:03:39,327] {dag.py:2371} INFO - Sync 1 DAGs
[2024-04-23 21:03:39,563] {logging_mixin.py:115} INFO - [2024-04-23 21:03:39,563] {dag.py:2919} INFO - Setting next_dagrun for first_dag to 2024-04-23T21:02:39.563179+00:00, run_after=2024-04-23T21:03:39.563179+00:00
[2024-04-23 21:03:39,580] {processor.py:161} INFO - Processing /opt/airflow/dags/first_dag.py took 0.315 seconds
[2024-04-23 21:04:10,668] {processor.py:153} INFO - Started process (PID=1280) to work on /opt/airflow/dags/first_dag.py
[2024-04-23 21:04:10,669] {processor.py:641} INFO - Processing file /opt/airflow/dags/first_dag.py for tasks to queue
[2024-04-23 21:04:10,670] {logging_mixin.py:115} INFO - [2024-04-23 21:04:10,670] {dagbag.py:507} INFO - Filling up the DagBag from /opt/airflow/dags/first_dag.py
[2024-04-23 21:04:10,694] {processor.py:651} INFO - DAG(s) dict_keys(['first_dag']) retrieved from /opt/airflow/dags/first_dag.py
[2024-04-23 21:04:10,743] {logging_mixin.py:115} INFO - [2024-04-23 21:04:10,743] {dag.py:2371} INFO - Sync 1 DAGs
[2024-04-23 21:04:11,040] {logging_mixin.py:115} INFO - [2024-04-23 21:04:11,039] {dag.py:2919} INFO - Setting next_dagrun for first_dag to 2024-04-23T21:03:11.039339+00:00, run_after=2024-04-23T21:04:11.039339+00:00
[2024-04-23 21:04:11,066] {processor.py:161} INFO - Processing /opt/airflow/dags/first_dag.py took 0.404 seconds
[2024-04-23 21:04:41,529] {processor.py:153} INFO - Started process (PID=1340) to work on /opt/airflow/dags/first_dag.py
[2024-04-23 21:04:41,530] {processor.py:641} INFO - Processing file /opt/airflow/dags/first_dag.py for tasks to queue
[2024-04-23 21:04:41,531] {logging_mixin.py:115} INFO - [2024-04-23 21:04:41,531] {dagbag.py:507} INFO - Filling up the DagBag from /opt/airflow/dags/first_dag.py
[2024-04-23 21:04:41,551] {processor.py:651} INFO - DAG(s) dict_keys(['first_dag']) retrieved from /opt/airflow/dags/first_dag.py
[2024-04-23 21:04:41,583] {logging_mixin.py:115} INFO - [2024-04-23 21:04:41,582] {dag.py:2371} INFO - Sync 1 DAGs
[2024-04-23 21:04:41,758] {logging_mixin.py:115} INFO - [2024-04-23 21:04:41,758] {dag.py:2919} INFO - Setting next_dagrun for first_dag to 2024-04-23T21:03:41.758574+00:00, run_after=2024-04-23T21:04:41.758574+00:00
[2024-04-23 21:04:41,774] {processor.py:161} INFO - Processing /opt/airflow/dags/first_dag.py took 0.250 seconds
[2024-04-23 21:05:12,151] {processor.py:153} INFO - Started process (PID=1406) to work on /opt/airflow/dags/first_dag.py
[2024-04-23 21:05:12,152] {processor.py:641} INFO - Processing file /opt/airflow/dags/first_dag.py for tasks to queue
[2024-04-23 21:05:12,153] {logging_mixin.py:115} INFO - [2024-04-23 21:05:12,153] {dagbag.py:507} INFO - Filling up the DagBag from /opt/airflow/dags/first_dag.py
[2024-04-23 21:05:12,174] {processor.py:651} INFO - DAG(s) dict_keys(['first_dag']) retrieved from /opt/airflow/dags/first_dag.py
[2024-04-23 21:05:12,211] {logging_mixin.py:115} INFO - [2024-04-23 21:05:12,210] {dag.py:2371} INFO - Sync 1 DAGs
[2024-04-23 21:05:12,429] {logging_mixin.py:115} INFO - [2024-04-23 21:05:12,428] {dag.py:2919} INFO - Setting next_dagrun for first_dag to 2024-04-23T21:04:12.428769+00:00, run_after=2024-04-23T21:05:12.428769+00:00
[2024-04-23 21:05:12,454] {processor.py:161} INFO - Processing /opt/airflow/dags/first_dag.py took 0.308 seconds
[2024-04-23 21:05:43,128] {processor.py:153} INFO - Started process (PID=1474) to work on /opt/airflow/dags/first_dag.py
[2024-04-23 21:05:43,129] {processor.py:641} INFO - Processing file /opt/airflow/dags/first_dag.py for tasks to queue
[2024-04-23 21:05:43,130] {logging_mixin.py:115} INFO - [2024-04-23 21:05:43,130] {dagbag.py:507} INFO - Filling up the DagBag from /opt/airflow/dags/first_dag.py
[2024-04-23 21:05:43,153] {processor.py:651} INFO - DAG(s) dict_keys(['first_dag']) retrieved from /opt/airflow/dags/first_dag.py
[2024-04-23 21:05:43,187] {logging_mixin.py:115} INFO - [2024-04-23 21:05:43,187] {dag.py:2371} INFO - Sync 1 DAGs
[2024-04-23 21:05:43,392] {logging_mixin.py:115} INFO - [2024-04-23 21:05:43,392] {dag.py:2919} INFO - Setting next_dagrun for first_dag to 2024-04-23T21:04:43.392316+00:00, run_after=2024-04-23T21:05:43.392316+00:00
[2024-04-23 21:05:43,408] {processor.py:161} INFO - Processing /opt/airflow/dags/first_dag.py took 0.285 seconds
[2024-04-23 21:06:13,705] {processor.py:153} INFO - Started process (PID=1542) to work on /opt/airflow/dags/first_dag.py
[2024-04-23 21:06:13,706] {processor.py:641} INFO - Processing file /opt/airflow/dags/first_dag.py for tasks to queue
[2024-04-23 21:06:13,708] {logging_mixin.py:115} INFO - [2024-04-23 21:06:13,707] {dagbag.py:507} INFO - Filling up the DagBag from /opt/airflow/dags/first_dag.py
[2024-04-23 21:06:13,738] {processor.py:651} INFO - DAG(s) dict_keys(['first_dag']) retrieved from /opt/airflow/dags/first_dag.py
[2024-04-23 21:06:13,798] {logging_mixin.py:115} INFO - [2024-04-23 21:06:13,798] {dag.py:2371} INFO - Sync 1 DAGs
[2024-04-23 21:06:14,153] {logging_mixin.py:115} INFO - [2024-04-23 21:06:14,153] {dag.py:2919} INFO - Setting next_dagrun for first_dag to 2024-04-23T21:05:14.152436+00:00, run_after=2024-04-23T21:06:14.152436+00:00
[2024-04-23 21:06:14,177] {processor.py:161} INFO - Processing /opt/airflow/dags/first_dag.py took 0.483 seconds
[2024-04-23 21:06:44,945] {processor.py:153} INFO - Started process (PID=1612) to work on /opt/airflow/dags/first_dag.py
[2024-04-23 21:06:44,946] {processor.py:641} INFO - Processing file /opt/airflow/dags/first_dag.py for tasks to queue
[2024-04-23 21:06:44,947] {logging_mixin.py:115} INFO - [2024-04-23 21:06:44,947] {dagbag.py:507} INFO - Filling up the DagBag from /opt/airflow/dags/first_dag.py
[2024-04-23 21:06:44,967] {processor.py:651} INFO - DAG(s) dict_keys(['first_dag']) retrieved from /opt/airflow/dags/first_dag.py
[2024-04-23 21:06:45,001] {logging_mixin.py:115} INFO - [2024-04-23 21:06:45,000] {dag.py:2371} INFO - Sync 1 DAGs
[2024-04-23 21:06:45,209] {logging_mixin.py:115} INFO - [2024-04-23 21:06:45,209] {dag.py:2919} INFO - Setting next_dagrun for first_dag to 2024-04-23T21:05:45.208839+00:00, run_after=2024-04-23T21:06:45.208839+00:00
[2024-04-23 21:06:45,224] {processor.py:161} INFO - Processing /opt/airflow/dags/first_dag.py took 0.285 seconds
[2024-04-23 21:07:16,184] {processor.py:153} INFO - Started process (PID=1673) to work on /opt/airflow/dags/first_dag.py
[2024-04-23 21:07:16,185] {processor.py:641} INFO - Processing file /opt/airflow/dags/first_dag.py for tasks to queue
[2024-04-23 21:07:16,186] {logging_mixin.py:115} INFO - [2024-04-23 21:07:16,186] {dagbag.py:507} INFO - Filling up the DagBag from /opt/airflow/dags/first_dag.py
[2024-04-23 21:07:16,204] {processor.py:651} INFO - DAG(s) dict_keys(['first_dag']) retrieved from /opt/airflow/dags/first_dag.py
[2024-04-23 21:07:16,236] {logging_mixin.py:115} INFO - [2024-04-23 21:07:16,235] {dag.py:2371} INFO - Sync 1 DAGs
[2024-04-23 21:07:16,445] {logging_mixin.py:115} INFO - [2024-04-23 21:07:16,445] {dag.py:2919} INFO - Setting next_dagrun for first_dag to 2024-04-23T21:06:16.445013+00:00, run_after=2024-04-23T21:07:16.445013+00:00
[2024-04-23 21:07:16,459] {processor.py:161} INFO - Processing /opt/airflow/dags/first_dag.py took 0.280 seconds
[2024-04-23 21:07:46,620] {processor.py:153} INFO - Started process (PID=1743) to work on /opt/airflow/dags/first_dag.py
[2024-04-23 21:07:46,621] {processor.py:641} INFO - Processing file /opt/airflow/dags/first_dag.py for tasks to queue
[2024-04-23 21:07:46,622] {logging_mixin.py:115} INFO - [2024-04-23 21:07:46,622] {dagbag.py:507} INFO - Filling up the DagBag from /opt/airflow/dags/first_dag.py
[2024-04-23 21:07:46,641] {processor.py:651} INFO - DAG(s) dict_keys(['first_dag']) retrieved from /opt/airflow/dags/first_dag.py
[2024-04-23 21:07:46,675] {logging_mixin.py:115} INFO - [2024-04-23 21:07:46,675] {dag.py:2371} INFO - Sync 1 DAGs
[2024-04-23 21:07:46,859] {logging_mixin.py:115} INFO - [2024-04-23 21:07:46,859] {dag.py:2919} INFO - Setting next_dagrun for first_dag to 2024-04-23T21:06:46.858846+00:00, run_after=2024-04-23T21:07:46.858846+00:00
[2024-04-23 21:07:46,877] {processor.py:161} INFO - Processing /opt/airflow/dags/first_dag.py took 0.262 seconds
[2024-04-23 21:08:17,060] {processor.py:153} INFO - Started process (PID=1804) to work on /opt/airflow/dags/first_dag.py
[2024-04-23 21:08:17,061] {processor.py:641} INFO - Processing file /opt/airflow/dags/first_dag.py for tasks to queue
[2024-04-23 21:08:17,062] {logging_mixin.py:115} INFO - [2024-04-23 21:08:17,061] {dagbag.py:507} INFO - Filling up the DagBag from /opt/airflow/dags/first_dag.py
[2024-04-23 21:08:17,081] {processor.py:651} INFO - DAG(s) dict_keys(['first_dag']) retrieved from /opt/airflow/dags/first_dag.py
[2024-04-23 21:08:17,117] {logging_mixin.py:115} INFO - [2024-04-23 21:08:17,117] {dag.py:2371} INFO - Sync 1 DAGs
[2024-04-23 21:08:17,324] {logging_mixin.py:115} INFO - [2024-04-23 21:08:17,324] {dag.py:2919} INFO - Setting next_dagrun for first_dag to 2024-04-23T21:07:17.324126+00:00, run_after=2024-04-23T21:08:17.324126+00:00
[2024-04-23 21:08:17,344] {processor.py:161} INFO - Processing /opt/airflow/dags/first_dag.py took 0.290 seconds
[2024-04-23 21:08:47,698] {processor.py:153} INFO - Started process (PID=1874) to work on /opt/airflow/dags/first_dag.py
[2024-04-23 21:08:47,699] {processor.py:641} INFO - Processing file /opt/airflow/dags/first_dag.py for tasks to queue
[2024-04-23 21:08:47,700] {logging_mixin.py:115} INFO - [2024-04-23 21:08:47,700] {dagbag.py:507} INFO - Filling up the DagBag from /opt/airflow/dags/first_dag.py
[2024-04-23 21:08:47,728] {processor.py:651} INFO - DAG(s) dict_keys(['first_dag']) retrieved from /opt/airflow/dags/first_dag.py
[2024-04-23 21:08:47,767] {logging_mixin.py:115} INFO - [2024-04-23 21:08:47,766] {dag.py:2371} INFO - Sync 1 DAGs
[2024-04-23 21:08:47,956] {logging_mixin.py:115} INFO - [2024-04-23 21:08:47,955] {dag.py:2919} INFO - Setting next_dagrun for first_dag to 2024-04-23T21:07:47.955643+00:00, run_after=2024-04-23T21:08:47.955643+00:00
[2024-04-23 21:08:47,971] {processor.py:161} INFO - Processing /opt/airflow/dags/first_dag.py took 0.278 seconds
[2024-04-23 21:09:18,037] {processor.py:153} INFO - Started process (PID=1944) to work on /opt/airflow/dags/first_dag.py
[2024-04-23 21:09:18,038] {processor.py:641} INFO - Processing file /opt/airflow/dags/first_dag.py for tasks to queue
[2024-04-23 21:09:18,039] {logging_mixin.py:115} INFO - [2024-04-23 21:09:18,039] {dagbag.py:507} INFO - Filling up the DagBag from /opt/airflow/dags/first_dag.py
[2024-04-23 21:09:18,062] {processor.py:651} INFO - DAG(s) dict_keys(['first_dag']) retrieved from /opt/airflow/dags/first_dag.py
[2024-04-23 21:09:18,133] {logging_mixin.py:115} INFO - [2024-04-23 21:09:18,133] {dag.py:2371} INFO - Sync 1 DAGs
[2024-04-23 21:09:18,353] {logging_mixin.py:115} INFO - [2024-04-23 21:09:18,353] {dag.py:2919} INFO - Setting next_dagrun for first_dag to 2024-04-23T21:08:18.352810+00:00, run_after=2024-04-23T21:09:18.352810+00:00
[2024-04-23 21:09:18,372] {processor.py:161} INFO - Processing /opt/airflow/dags/first_dag.py took 0.343 seconds
[2024-04-23 21:09:48,898] {processor.py:153} INFO - Started process (PID=2005) to work on /opt/airflow/dags/first_dag.py
[2024-04-23 21:09:48,900] {processor.py:641} INFO - Processing file /opt/airflow/dags/first_dag.py for tasks to queue
[2024-04-23 21:09:48,902] {logging_mixin.py:115} INFO - [2024-04-23 21:09:48,902] {dagbag.py:507} INFO - Filling up the DagBag from /opt/airflow/dags/first_dag.py
[2024-04-23 21:09:48,929] {processor.py:651} INFO - DAG(s) dict_keys(['first_dag']) retrieved from /opt/airflow/dags/first_dag.py
[2024-04-23 21:09:48,974] {logging_mixin.py:115} INFO - [2024-04-23 21:09:48,974] {dag.py:2371} INFO - Sync 1 DAGs
[2024-04-23 21:09:49,188] {logging_mixin.py:115} INFO - [2024-04-23 21:09:49,188] {dag.py:2919} INFO - Setting next_dagrun for first_dag to 2024-04-23T21:08:49.187767+00:00, run_after=2024-04-23T21:09:49.187767+00:00
[2024-04-23 21:09:49,205] {processor.py:161} INFO - Processing /opt/airflow/dags/first_dag.py took 0.314 seconds
[2024-04-23 21:10:19,412] {processor.py:153} INFO - Started process (PID=2075) to work on /opt/airflow/dags/first_dag.py
[2024-04-23 21:10:19,413] {processor.py:641} INFO - Processing file /opt/airflow/dags/first_dag.py for tasks to queue
[2024-04-23 21:10:19,414] {logging_mixin.py:115} INFO - [2024-04-23 21:10:19,414] {dagbag.py:507} INFO - Filling up the DagBag from /opt/airflow/dags/first_dag.py
[2024-04-23 21:10:19,434] {processor.py:651} INFO - DAG(s) dict_keys(['first_dag']) retrieved from /opt/airflow/dags/first_dag.py
[2024-04-23 21:10:19,469] {logging_mixin.py:115} INFO - [2024-04-23 21:10:19,469] {dag.py:2371} INFO - Sync 1 DAGs
[2024-04-23 21:10:19,657] {logging_mixin.py:115} INFO - [2024-04-23 21:10:19,657] {dag.py:2919} INFO - Setting next_dagrun for first_dag to 2024-04-23T21:09:19.657241+00:00, run_after=2024-04-23T21:10:19.657241+00:00
[2024-04-23 21:10:19,671] {processor.py:161} INFO - Processing /opt/airflow/dags/first_dag.py took 0.264 seconds
[2024-04-23 21:10:49,944] {processor.py:153} INFO - Started process (PID=2136) to work on /opt/airflow/dags/first_dag.py
[2024-04-23 21:10:49,945] {processor.py:641} INFO - Processing file /opt/airflow/dags/first_dag.py for tasks to queue
[2024-04-23 21:10:49,946] {logging_mixin.py:115} INFO - [2024-04-23 21:10:49,946] {dagbag.py:507} INFO - Filling up the DagBag from /opt/airflow/dags/first_dag.py
[2024-04-23 21:10:49,967] {processor.py:651} INFO - DAG(s) dict_keys(['first_dag']) retrieved from /opt/airflow/dags/first_dag.py
[2024-04-23 21:10:50,005] {logging_mixin.py:115} INFO - [2024-04-23 21:10:50,005] {dag.py:2371} INFO - Sync 1 DAGs
[2024-04-23 21:10:50,192] {logging_mixin.py:115} INFO - [2024-04-23 21:10:50,192] {dag.py:2919} INFO - Setting next_dagrun for first_dag to 2024-04-23T21:09:50.191902+00:00, run_after=2024-04-23T21:10:50.191902+00:00
[2024-04-23 21:10:50,206] {processor.py:161} INFO - Processing /opt/airflow/dags/first_dag.py took 0.267 seconds
[2024-04-23 21:11:20,465] {processor.py:153} INFO - Started process (PID=2206) to work on /opt/airflow/dags/first_dag.py
[2024-04-23 21:11:20,466] {processor.py:641} INFO - Processing file /opt/airflow/dags/first_dag.py for tasks to queue
[2024-04-23 21:11:20,467] {logging_mixin.py:115} INFO - [2024-04-23 21:11:20,467] {dagbag.py:507} INFO - Filling up the DagBag from /opt/airflow/dags/first_dag.py
[2024-04-23 21:11:20,486] {processor.py:651} INFO - DAG(s) dict_keys(['first_dag']) retrieved from /opt/airflow/dags/first_dag.py
[2024-04-23 21:11:20,524] {logging_mixin.py:115} INFO - [2024-04-23 21:11:20,524] {dag.py:2371} INFO - Sync 1 DAGs
[2024-04-23 21:11:20,722] {logging_mixin.py:115} INFO - [2024-04-23 21:11:20,722] {dag.py:2919} INFO - Setting next_dagrun for first_dag to 2024-04-23T21:10:20.721771+00:00, run_after=2024-04-23T21:11:20.721771+00:00
[2024-04-23 21:11:20,736] {processor.py:161} INFO - Processing /opt/airflow/dags/first_dag.py took 0.277 seconds
[2024-04-23 21:11:51,407] {processor.py:153} INFO - Started process (PID=2276) to work on /opt/airflow/dags/first_dag.py
[2024-04-23 21:11:51,408] {processor.py:641} INFO - Processing file /opt/airflow/dags/first_dag.py for tasks to queue
[2024-04-23 21:11:51,409] {logging_mixin.py:115} INFO - [2024-04-23 21:11:51,409] {dagbag.py:507} INFO - Filling up the DagBag from /opt/airflow/dags/first_dag.py
[2024-04-23 21:11:51,432] {processor.py:651} INFO - DAG(s) dict_keys(['first_dag']) retrieved from /opt/airflow/dags/first_dag.py
[2024-04-23 21:11:51,477] {logging_mixin.py:115} INFO - [2024-04-23 21:11:51,477] {dag.py:2371} INFO - Sync 1 DAGs
[2024-04-23 21:11:51,719] {logging_mixin.py:115} INFO - [2024-04-23 21:11:51,719] {dag.py:2919} INFO - Setting next_dagrun for first_dag to 2024-04-23T21:10:51.719130+00:00, run_after=2024-04-23T21:11:51.719130+00:00
[2024-04-23 21:11:51,733] {processor.py:161} INFO - Processing /opt/airflow/dags/first_dag.py took 0.334 seconds
[2024-04-23 21:12:22,272] {processor.py:153} INFO - Started process (PID=2337) to work on /opt/airflow/dags/first_dag.py
[2024-04-23 21:12:22,273] {processor.py:641} INFO - Processing file /opt/airflow/dags/first_dag.py for tasks to queue
[2024-04-23 21:12:22,273] {logging_mixin.py:115} INFO - [2024-04-23 21:12:22,273] {dagbag.py:507} INFO - Filling up the DagBag from /opt/airflow/dags/first_dag.py
[2024-04-23 21:12:22,291] {processor.py:651} INFO - DAG(s) dict_keys(['first_dag']) retrieved from /opt/airflow/dags/first_dag.py
[2024-04-23 21:12:22,325] {logging_mixin.py:115} INFO - [2024-04-23 21:12:22,325] {dag.py:2371} INFO - Sync 1 DAGs
[2024-04-23 21:12:22,496] {logging_mixin.py:115} INFO - [2024-04-23 21:12:22,496] {dag.py:2919} INFO - Setting next_dagrun for first_dag to 2024-04-23T21:11:22.496067+00:00, run_after=2024-04-23T21:12:22.496067+00:00
[2024-04-23 21:12:22,510] {processor.py:161} INFO - Processing /opt/airflow/dags/first_dag.py took 0.244 seconds
[2024-04-23 21:12:52,741] {processor.py:153} INFO - Started process (PID=2407) to work on /opt/airflow/dags/first_dag.py
[2024-04-23 21:12:52,742] {processor.py:641} INFO - Processing file /opt/airflow/dags/first_dag.py for tasks to queue
[2024-04-23 21:12:52,743] {logging_mixin.py:115} INFO - [2024-04-23 21:12:52,743] {dagbag.py:507} INFO - Filling up the DagBag from /opt/airflow/dags/first_dag.py
[2024-04-23 21:12:52,760] {processor.py:651} INFO - DAG(s) dict_keys(['first_dag']) retrieved from /opt/airflow/dags/first_dag.py
[2024-04-23 21:12:52,795] {logging_mixin.py:115} INFO - [2024-04-23 21:12:52,795] {dag.py:2371} INFO - Sync 1 DAGs
[2024-04-23 21:12:52,973] {logging_mixin.py:115} INFO - [2024-04-23 21:12:52,973] {dag.py:2919} INFO - Setting next_dagrun for first_dag to 2024-04-23T21:11:52.973106+00:00, run_after=2024-04-23T21:12:52.973106+00:00
[2024-04-23 21:12:52,988] {processor.py:161} INFO - Processing /opt/airflow/dags/first_dag.py took 0.252 seconds
[2024-04-23 21:13:23,266] {processor.py:153} INFO - Started process (PID=2475) to work on /opt/airflow/dags/first_dag.py
[2024-04-23 21:13:23,266] {processor.py:641} INFO - Processing file /opt/airflow/dags/first_dag.py for tasks to queue
[2024-04-23 21:13:23,267] {logging_mixin.py:115} INFO - [2024-04-23 21:13:23,267] {dagbag.py:507} INFO - Filling up the DagBag from /opt/airflow/dags/first_dag.py
[2024-04-23 21:13:23,287] {processor.py:651} INFO - DAG(s) dict_keys(['first_dag']) retrieved from /opt/airflow/dags/first_dag.py
[2024-04-23 21:13:23,322] {logging_mixin.py:115} INFO - [2024-04-23 21:13:23,321] {dag.py:2371} INFO - Sync 1 DAGs
[2024-04-23 21:13:23,509] {logging_mixin.py:115} INFO - [2024-04-23 21:13:23,509] {dag.py:2919} INFO - Setting next_dagrun for first_dag to 2024-04-23T21:12:23.508928+00:00, run_after=2024-04-23T21:13:23.508928+00:00
[2024-04-23 21:13:23,523] {processor.py:161} INFO - Processing /opt/airflow/dags/first_dag.py took 0.263 seconds
[2024-04-23 21:13:53,654] {processor.py:153} INFO - Started process (PID=2538) to work on /opt/airflow/dags/first_dag.py
[2024-04-23 21:13:53,655] {processor.py:641} INFO - Processing file /opt/airflow/dags/first_dag.py for tasks to queue
[2024-04-23 21:13:53,656] {logging_mixin.py:115} INFO - [2024-04-23 21:13:53,656] {dagbag.py:507} INFO - Filling up the DagBag from /opt/airflow/dags/first_dag.py
[2024-04-23 21:13:53,676] {processor.py:651} INFO - DAG(s) dict_keys(['first_dag']) retrieved from /opt/airflow/dags/first_dag.py
[2024-04-23 21:13:53,890] {logging_mixin.py:115} INFO - [2024-04-23 21:13:53,890] {dag.py:2371} INFO - Sync 1 DAGs
[2024-04-23 21:13:53,920] {logging_mixin.py:115} INFO - [2024-04-23 21:13:53,920] {dag.py:2919} INFO - Setting next_dagrun for first_dag to 2024-04-23T21:12:53.920022+00:00, run_after=2024-04-23T21:13:53.920022+00:00
[2024-04-23 21:13:53,939] {processor.py:161} INFO - Processing /opt/airflow/dags/first_dag.py took 0.292 seconds
[2024-04-23 21:14:24,184] {processor.py:153} INFO - Started process (PID=2609) to work on /opt/airflow/dags/first_dag.py
[2024-04-23 21:14:24,184] {processor.py:641} INFO - Processing file /opt/airflow/dags/first_dag.py for tasks to queue
[2024-04-23 21:14:24,185] {logging_mixin.py:115} INFO - [2024-04-23 21:14:24,185] {dagbag.py:507} INFO - Filling up the DagBag from /opt/airflow/dags/first_dag.py
[2024-04-23 21:14:24,206] {processor.py:651} INFO - DAG(s) dict_keys(['first_dag']) retrieved from /opt/airflow/dags/first_dag.py
[2024-04-23 21:14:24,391] {logging_mixin.py:115} INFO - [2024-04-23 21:14:24,391] {dag.py:2371} INFO - Sync 1 DAGs
[2024-04-23 21:14:24,415] {logging_mixin.py:115} INFO - [2024-04-23 21:14:24,415] {dag.py:2919} INFO - Setting next_dagrun for first_dag to 2024-04-23T21:13:24.415564+00:00, run_after=2024-04-23T21:14:24.415564+00:00
[2024-04-23 21:14:24,430] {processor.py:161} INFO - Processing /opt/airflow/dags/first_dag.py took 0.251 seconds
[2024-04-23 21:14:54,492] {processor.py:153} INFO - Started process (PID=2670) to work on /opt/airflow/dags/first_dag.py
[2024-04-23 21:14:54,493] {processor.py:641} INFO - Processing file /opt/airflow/dags/first_dag.py for tasks to queue
[2024-04-23 21:14:54,494] {logging_mixin.py:115} INFO - [2024-04-23 21:14:54,494] {dagbag.py:507} INFO - Filling up the DagBag from /opt/airflow/dags/first_dag.py
[2024-04-23 21:14:54,513] {processor.py:651} INFO - DAG(s) dict_keys(['first_dag']) retrieved from /opt/airflow/dags/first_dag.py
[2024-04-23 21:14:54,696] {logging_mixin.py:115} INFO - [2024-04-23 21:14:54,696] {dag.py:2371} INFO - Sync 1 DAGs
[2024-04-23 21:14:54,720] {logging_mixin.py:115} INFO - [2024-04-23 21:14:54,720] {dag.py:2919} INFO - Setting next_dagrun for first_dag to 2024-04-23T21:13:54.720047+00:00, run_after=2024-04-23T21:14:54.720047+00:00
[2024-04-23 21:14:54,734] {processor.py:161} INFO - Processing /opt/airflow/dags/first_dag.py took 0.248 seconds
[2024-04-23 21:15:25,174] {processor.py:153} INFO - Started process (PID=2740) to work on /opt/airflow/dags/first_dag.py
[2024-04-23 21:15:25,175] {processor.py:641} INFO - Processing file /opt/airflow/dags/first_dag.py for tasks to queue
[2024-04-23 21:15:25,176] {logging_mixin.py:115} INFO - [2024-04-23 21:15:25,176] {dagbag.py:507} INFO - Filling up the DagBag from /opt/airflow/dags/first_dag.py
[2024-04-23 21:15:25,193] {processor.py:651} INFO - DAG(s) dict_keys(['first_dag']) retrieved from /opt/airflow/dags/first_dag.py
[2024-04-23 21:15:25,375] {logging_mixin.py:115} INFO - [2024-04-23 21:15:25,375] {dag.py:2371} INFO - Sync 1 DAGs
[2024-04-23 21:15:25,399] {logging_mixin.py:115} INFO - [2024-04-23 21:15:25,399] {dag.py:2919} INFO - Setting next_dagrun for first_dag to 2024-04-23T21:14:25.399506+00:00, run_after=2024-04-23T21:15:25.399506+00:00
[2024-04-23 21:15:25,413] {processor.py:161} INFO - Processing /opt/airflow/dags/first_dag.py took 0.244 seconds
[2024-04-23 21:15:55,469] {processor.py:153} INFO - Started process (PID=2810) to work on /opt/airflow/dags/first_dag.py
[2024-04-23 21:15:55,470] {processor.py:641} INFO - Processing file /opt/airflow/dags/first_dag.py for tasks to queue
[2024-04-23 21:15:55,471] {logging_mixin.py:115} INFO - [2024-04-23 21:15:55,470] {dagbag.py:507} INFO - Filling up the DagBag from /opt/airflow/dags/first_dag.py
[2024-04-23 21:15:55,489] {processor.py:651} INFO - DAG(s) dict_keys(['first_dag']) retrieved from /opt/airflow/dags/first_dag.py
[2024-04-23 21:15:55,724] {logging_mixin.py:115} INFO - [2024-04-23 21:15:55,724] {dag.py:2371} INFO - Sync 1 DAGs
[2024-04-23 21:15:55,748] {logging_mixin.py:115} INFO - [2024-04-23 21:15:55,748] {dag.py:2919} INFO - Setting next_dagrun for first_dag to 2024-04-23T21:14:55.748073+00:00, run_after=2024-04-23T21:15:55.748073+00:00
[2024-04-23 21:15:55,763] {processor.py:161} INFO - Processing /opt/airflow/dags/first_dag.py took 0.299 seconds
[2024-04-23 21:16:26,275] {processor.py:153} INFO - Started process (PID=2871) to work on /opt/airflow/dags/first_dag.py
[2024-04-23 21:16:26,276] {processor.py:641} INFO - Processing file /opt/airflow/dags/first_dag.py for tasks to queue
[2024-04-23 21:16:26,277] {logging_mixin.py:115} INFO - [2024-04-23 21:16:26,277] {dagbag.py:507} INFO - Filling up the DagBag from /opt/airflow/dags/first_dag.py
[2024-04-23 21:16:26,295] {processor.py:651} INFO - DAG(s) dict_keys(['first_dag']) retrieved from /opt/airflow/dags/first_dag.py
[2024-04-23 21:16:26,489] {logging_mixin.py:115} INFO - [2024-04-23 21:16:26,489] {dag.py:2371} INFO - Sync 1 DAGs
[2024-04-23 21:16:26,514] {logging_mixin.py:115} INFO - [2024-04-23 21:16:26,514] {dag.py:2919} INFO - Setting next_dagrun for first_dag to 2024-04-23T21:15:26.513963+00:00, run_after=2024-04-23T21:16:26.513963+00:00
[2024-04-23 21:16:26,528] {processor.py:161} INFO - Processing /opt/airflow/dags/first_dag.py took 0.259 seconds
[2024-04-23 21:16:57,317] {processor.py:153} INFO - Started process (PID=2941) to work on /opt/airflow/dags/first_dag.py
[2024-04-23 21:16:57,318] {processor.py:641} INFO - Processing file /opt/airflow/dags/first_dag.py for tasks to queue
[2024-04-23 21:16:57,319] {logging_mixin.py:115} INFO - [2024-04-23 21:16:57,319] {dagbag.py:507} INFO - Filling up the DagBag from /opt/airflow/dags/first_dag.py
[2024-04-23 21:16:57,336] {processor.py:651} INFO - DAG(s) dict_keys(['first_dag']) retrieved from /opt/airflow/dags/first_dag.py
[2024-04-23 21:16:57,537] {logging_mixin.py:115} INFO - [2024-04-23 21:16:57,536] {dag.py:2371} INFO - Sync 1 DAGs
[2024-04-23 21:16:57,561] {logging_mixin.py:115} INFO - [2024-04-23 21:16:57,561] {dag.py:2919} INFO - Setting next_dagrun for first_dag to 2024-04-23T21:15:57.561169+00:00, run_after=2024-04-23T21:16:57.561169+00:00
[2024-04-23 21:16:57,575] {processor.py:161} INFO - Processing /opt/airflow/dags/first_dag.py took 0.264 seconds
[2024-04-23 21:17:28,301] {processor.py:153} INFO - Started process (PID=3002) to work on /opt/airflow/dags/first_dag.py
[2024-04-23 21:17:28,302] {processor.py:641} INFO - Processing file /opt/airflow/dags/first_dag.py for tasks to queue
[2024-04-23 21:17:28,303] {logging_mixin.py:115} INFO - [2024-04-23 21:17:28,303] {dagbag.py:507} INFO - Filling up the DagBag from /opt/airflow/dags/first_dag.py
[2024-04-23 21:17:28,321] {processor.py:651} INFO - DAG(s) dict_keys(['first_dag']) retrieved from /opt/airflow/dags/first_dag.py
[2024-04-23 21:17:28,515] {logging_mixin.py:115} INFO - [2024-04-23 21:17:28,515] {dag.py:2371} INFO - Sync 1 DAGs
[2024-04-23 21:17:28,540] {logging_mixin.py:115} INFO - [2024-04-23 21:17:28,540] {dag.py:2919} INFO - Setting next_dagrun for first_dag to 2024-04-23T21:16:28.540218+00:00, run_after=2024-04-23T21:17:28.540218+00:00
[2024-04-23 21:17:28,555] {processor.py:161} INFO - Processing /opt/airflow/dags/first_dag.py took 0.259 seconds
[2024-04-23 21:17:58,786] {processor.py:153} INFO - Started process (PID=3072) to work on /opt/airflow/dags/first_dag.py
[2024-04-23 21:17:58,787] {processor.py:641} INFO - Processing file /opt/airflow/dags/first_dag.py for tasks to queue
[2024-04-23 21:17:58,788] {logging_mixin.py:115} INFO - [2024-04-23 21:17:58,788] {dagbag.py:507} INFO - Filling up the DagBag from /opt/airflow/dags/first_dag.py
[2024-04-23 21:17:58,815] {processor.py:651} INFO - DAG(s) dict_keys(['first_dag']) retrieved from /opt/airflow/dags/first_dag.py
[2024-04-23 21:17:59,088] {logging_mixin.py:115} INFO - [2024-04-23 21:17:59,088] {dag.py:2371} INFO - Sync 1 DAGs
[2024-04-23 21:17:59,118] {logging_mixin.py:115} INFO - [2024-04-23 21:17:59,118] {dag.py:2919} INFO - Setting next_dagrun for first_dag to 2024-04-23T21:16:59.118017+00:00, run_after=2024-04-23T21:17:59.118017+00:00
[2024-04-23 21:17:59,139] {processor.py:161} INFO - Processing /opt/airflow/dags/first_dag.py took 0.359 seconds
[2024-04-23 21:18:29,302] {processor.py:153} INFO - Started process (PID=3133) to work on /opt/airflow/dags/first_dag.py
[2024-04-23 21:18:29,303] {processor.py:641} INFO - Processing file /opt/airflow/dags/first_dag.py for tasks to queue
[2024-04-23 21:18:29,305] {logging_mixin.py:115} INFO - [2024-04-23 21:18:29,305] {dagbag.py:507} INFO - Filling up the DagBag from /opt/airflow/dags/first_dag.py
[2024-04-23 21:18:29,327] {processor.py:651} INFO - DAG(s) dict_keys(['first_dag']) retrieved from /opt/airflow/dags/first_dag.py
[2024-04-23 21:18:29,613] {logging_mixin.py:115} INFO - [2024-04-23 21:18:29,613] {dag.py:2371} INFO - Sync 1 DAGs
[2024-04-23 21:18:29,646] {logging_mixin.py:115} INFO - [2024-04-23 21:18:29,646] {dag.py:2919} INFO - Setting next_dagrun for first_dag to 2024-04-23T21:17:29.646108+00:00, run_after=2024-04-23T21:18:29.646108+00:00
[2024-04-23 21:18:29,668] {processor.py:161} INFO - Processing /opt/airflow/dags/first_dag.py took 0.373 seconds
[2024-04-23 21:19:00,279] {processor.py:153} INFO - Started process (PID=3203) to work on /opt/airflow/dags/first_dag.py
[2024-04-23 21:19:00,280] {processor.py:641} INFO - Processing file /opt/airflow/dags/first_dag.py for tasks to queue
[2024-04-23 21:19:00,282] {logging_mixin.py:115} INFO - [2024-04-23 21:19:00,282] {dagbag.py:507} INFO - Filling up the DagBag from /opt/airflow/dags/first_dag.py
[2024-04-23 21:19:00,306] {processor.py:651} INFO - DAG(s) dict_keys(['first_dag']) retrieved from /opt/airflow/dags/first_dag.py
[2024-04-23 21:19:00,579] {logging_mixin.py:115} INFO - [2024-04-23 21:19:00,579] {dag.py:2371} INFO - Sync 1 DAGs
[2024-04-23 21:19:00,622] {logging_mixin.py:115} INFO - [2024-04-23 21:19:00,622] {dag.py:2919} INFO - Setting next_dagrun for first_dag to 2024-04-23T21:18:00.622116+00:00, run_after=2024-04-23T21:19:00.622116+00:00
[2024-04-23 21:19:00,643] {processor.py:161} INFO - Processing /opt/airflow/dags/first_dag.py took 0.373 seconds
[2024-04-23 21:19:30,835] {processor.py:153} INFO - Started process (PID=3273) to work on /opt/airflow/dags/first_dag.py
[2024-04-23 21:19:30,837] {processor.py:641} INFO - Processing file /opt/airflow/dags/first_dag.py for tasks to queue
[2024-04-23 21:19:30,838] {logging_mixin.py:115} INFO - [2024-04-23 21:19:30,838] {dagbag.py:507} INFO - Filling up the DagBag from /opt/airflow/dags/first_dag.py
[2024-04-23 21:19:30,866] {processor.py:651} INFO - DAG(s) dict_keys(['first_dag']) retrieved from /opt/airflow/dags/first_dag.py
[2024-04-23 21:19:31,157] {logging_mixin.py:115} INFO - [2024-04-23 21:19:31,156] {dag.py:2371} INFO - Sync 1 DAGs
[2024-04-23 21:19:31,189] {logging_mixin.py:115} INFO - [2024-04-23 21:19:31,188] {dag.py:2919} INFO - Setting next_dagrun for first_dag to 2024-04-23T21:18:31.188610+00:00, run_after=2024-04-23T21:19:31.188610+00:00
[2024-04-23 21:19:31,206] {processor.py:161} INFO - Processing /opt/airflow/dags/first_dag.py took 0.377 seconds
[2024-04-23 21:20:02,050] {processor.py:153} INFO - Started process (PID=3334) to work on /opt/airflow/dags/first_dag.py
[2024-04-23 21:20:02,051] {processor.py:641} INFO - Processing file /opt/airflow/dags/first_dag.py for tasks to queue
[2024-04-23 21:20:02,052] {logging_mixin.py:115} INFO - [2024-04-23 21:20:02,052] {dagbag.py:507} INFO - Filling up the DagBag from /opt/airflow/dags/first_dag.py
[2024-04-23 21:20:02,079] {processor.py:651} INFO - DAG(s) dict_keys(['first_dag']) retrieved from /opt/airflow/dags/first_dag.py
[2024-04-23 21:20:02,399] {logging_mixin.py:115} INFO - [2024-04-23 21:20:02,399] {dag.py:2371} INFO - Sync 1 DAGs
[2024-04-23 21:20:02,434] {logging_mixin.py:115} INFO - [2024-04-23 21:20:02,434] {dag.py:2919} INFO - Setting next_dagrun for first_dag to 2024-04-23T21:19:02.434109+00:00, run_after=2024-04-23T21:20:02.434109+00:00
[2024-04-23 21:20:02,455] {processor.py:161} INFO - Processing /opt/airflow/dags/first_dag.py took 0.414 seconds
[2024-04-23 21:20:33,454] {processor.py:153} INFO - Started process (PID=3404) to work on /opt/airflow/dags/first_dag.py
[2024-04-23 21:20:33,455] {processor.py:641} INFO - Processing file /opt/airflow/dags/first_dag.py for tasks to queue
[2024-04-23 21:20:33,456] {logging_mixin.py:115} INFO - [2024-04-23 21:20:33,456] {dagbag.py:507} INFO - Filling up the DagBag from /opt/airflow/dags/first_dag.py
[2024-04-23 21:20:33,474] {processor.py:651} INFO - DAG(s) dict_keys(['first_dag']) retrieved from /opt/airflow/dags/first_dag.py
[2024-04-23 21:20:33,687] {logging_mixin.py:115} INFO - [2024-04-23 21:20:33,687] {dag.py:2371} INFO - Sync 1 DAGs
[2024-04-23 21:20:33,708] {logging_mixin.py:115} INFO - [2024-04-23 21:20:33,708] {dag.py:2919} INFO - Setting next_dagrun for first_dag to 2024-04-23T21:19:33.708602+00:00, run_after=2024-04-23T21:20:33.708602+00:00
[2024-04-23 21:20:33,722] {processor.py:161} INFO - Processing /opt/airflow/dags/first_dag.py took 0.273 seconds
[2024-04-23 21:21:03,897] {processor.py:153} INFO - Started process (PID=3472) to work on /opt/airflow/dags/first_dag.py
[2024-04-23 21:21:03,898] {processor.py:641} INFO - Processing file /opt/airflow/dags/first_dag.py for tasks to queue
[2024-04-23 21:21:03,898] {logging_mixin.py:115} INFO - [2024-04-23 21:21:03,898] {dagbag.py:507} INFO - Filling up the DagBag from /opt/airflow/dags/first_dag.py
[2024-04-23 21:21:03,918] {processor.py:651} INFO - DAG(s) dict_keys(['first_dag']) retrieved from /opt/airflow/dags/first_dag.py
[2024-04-23 21:21:04,123] {logging_mixin.py:115} INFO - [2024-04-23 21:21:04,122] {dag.py:2371} INFO - Sync 1 DAGs
[2024-04-23 21:21:04,146] {logging_mixin.py:115} INFO - [2024-04-23 21:21:04,145] {dag.py:2919} INFO - Setting next_dagrun for first_dag to 2024-04-23T21:20:04.145492+00:00, run_after=2024-04-23T21:21:04.145492+00:00
[2024-04-23 21:21:04,160] {processor.py:161} INFO - Processing /opt/airflow/dags/first_dag.py took 0.271 seconds
[2024-04-23 21:21:34,941] {processor.py:153} INFO - Started process (PID=3535) to work on /opt/airflow/dags/first_dag.py
[2024-04-23 21:21:34,941] {processor.py:641} INFO - Processing file /opt/airflow/dags/first_dag.py for tasks to queue
[2024-04-23 21:21:34,942] {logging_mixin.py:115} INFO - [2024-04-23 21:21:34,942] {dagbag.py:507} INFO - Filling up the DagBag from /opt/airflow/dags/first_dag.py
[2024-04-23 21:21:34,960] {processor.py:651} INFO - DAG(s) dict_keys(['first_dag']) retrieved from /opt/airflow/dags/first_dag.py
[2024-04-23 21:21:35,148] {logging_mixin.py:115} INFO - [2024-04-23 21:21:35,148] {dag.py:2371} INFO - Sync 1 DAGs
[2024-04-23 21:21:35,170] {logging_mixin.py:115} INFO - [2024-04-23 21:21:35,170] {dag.py:2919} INFO - Setting next_dagrun for first_dag to 2024-04-23T21:20:35.170556+00:00, run_after=2024-04-23T21:21:35.170556+00:00
[2024-04-23 21:21:35,185] {processor.py:161} INFO - Processing /opt/airflow/dags/first_dag.py took 0.251 seconds
[2024-04-23 21:22:05,411] {processor.py:153} INFO - Started process (PID=3606) to work on /opt/airflow/dags/first_dag.py
[2024-04-23 21:22:05,412] {processor.py:641} INFO - Processing file /opt/airflow/dags/first_dag.py for tasks to queue
[2024-04-23 21:22:05,413] {logging_mixin.py:115} INFO - [2024-04-23 21:22:05,413] {dagbag.py:507} INFO - Filling up the DagBag from /opt/airflow/dags/first_dag.py
[2024-04-23 21:22:05,431] {processor.py:651} INFO - DAG(s) dict_keys(['first_dag']) retrieved from /opt/airflow/dags/first_dag.py
[2024-04-23 21:22:05,609] {logging_mixin.py:115} INFO - [2024-04-23 21:22:05,609] {dag.py:2371} INFO - Sync 1 DAGs
[2024-04-23 21:22:05,631] {logging_mixin.py:115} INFO - [2024-04-23 21:22:05,631] {dag.py:2919} INFO - Setting next_dagrun for first_dag to 2024-04-23T21:21:05.631228+00:00, run_after=2024-04-23T21:22:05.631228+00:00
[2024-04-23 21:22:05,646] {processor.py:161} INFO - Processing /opt/airflow/dags/first_dag.py took 0.240 seconds
[2024-04-23 21:22:36,382] {processor.py:153} INFO - Started process (PID=3667) to work on /opt/airflow/dags/first_dag.py
[2024-04-23 21:22:36,383] {processor.py:641} INFO - Processing file /opt/airflow/dags/first_dag.py for tasks to queue
[2024-04-23 21:22:36,384] {logging_mixin.py:115} INFO - [2024-04-23 21:22:36,384] {dagbag.py:507} INFO - Filling up the DagBag from /opt/airflow/dags/first_dag.py
[2024-04-23 21:22:36,404] {processor.py:651} INFO - DAG(s) dict_keys(['first_dag']) retrieved from /opt/airflow/dags/first_dag.py
[2024-04-23 21:22:36,582] {logging_mixin.py:115} INFO - [2024-04-23 21:22:36,582] {dag.py:2371} INFO - Sync 1 DAGs
[2024-04-23 21:22:36,606] {logging_mixin.py:115} INFO - [2024-04-23 21:22:36,606] {dag.py:2919} INFO - Setting next_dagrun for first_dag to 2024-04-23T21:21:36.606521+00:00, run_after=2024-04-23T21:22:36.606521+00:00
[2024-04-23 21:22:36,621] {processor.py:161} INFO - Processing /opt/airflow/dags/first_dag.py took 0.244 seconds
[2024-04-23 21:23:07,058] {processor.py:153} INFO - Started process (PID=3738) to work on /opt/airflow/dags/first_dag.py
[2024-04-23 21:23:07,059] {processor.py:641} INFO - Processing file /opt/airflow/dags/first_dag.py for tasks to queue
[2024-04-23 21:23:07,060] {logging_mixin.py:115} INFO - [2024-04-23 21:23:07,060] {dagbag.py:507} INFO - Filling up the DagBag from /opt/airflow/dags/first_dag.py
[2024-04-23 21:23:07,077] {processor.py:651} INFO - DAG(s) dict_keys(['first_dag']) retrieved from /opt/airflow/dags/first_dag.py
[2024-04-23 21:23:07,256] {logging_mixin.py:115} INFO - [2024-04-23 21:23:07,256] {dag.py:2371} INFO - Sync 1 DAGs
[2024-04-23 21:23:07,278] {logging_mixin.py:115} INFO - [2024-04-23 21:23:07,277] {dag.py:2919} INFO - Setting next_dagrun for first_dag to 2024-04-23T21:22:07.277710+00:00, run_after=2024-04-23T21:23:07.277710+00:00
[2024-04-23 21:23:07,293] {processor.py:161} INFO - Processing /opt/airflow/dags/first_dag.py took 0.239 seconds
[2024-04-23 21:23:37,570] {processor.py:153} INFO - Started process (PID=3808) to work on /opt/airflow/dags/first_dag.py
[2024-04-23 21:23:37,570] {processor.py:641} INFO - Processing file /opt/airflow/dags/first_dag.py for tasks to queue
[2024-04-23 21:23:37,571] {logging_mixin.py:115} INFO - [2024-04-23 21:23:37,571] {dagbag.py:507} INFO - Filling up the DagBag from /opt/airflow/dags/first_dag.py
[2024-04-23 21:23:37,594] {processor.py:651} INFO - DAG(s) dict_keys(['first_dag']) retrieved from /opt/airflow/dags/first_dag.py
[2024-04-23 21:23:37,814] {logging_mixin.py:115} INFO - [2024-04-23 21:23:37,814] {dag.py:2371} INFO - Sync 1 DAGs
[2024-04-23 21:23:37,837] {logging_mixin.py:115} INFO - [2024-04-23 21:23:37,837] {dag.py:2919} INFO - Setting next_dagrun for first_dag to 2024-04-23T21:22:37.837497+00:00, run_after=2024-04-23T21:23:37.837497+00:00
[2024-04-23 21:23:37,855] {processor.py:161} INFO - Processing /opt/airflow/dags/first_dag.py took 0.291 seconds
[2024-04-23 21:24:08,120] {processor.py:153} INFO - Started process (PID=3869) to work on /opt/airflow/dags/first_dag.py
[2024-04-23 21:24:08,121] {processor.py:641} INFO - Processing file /opt/airflow/dags/first_dag.py for tasks to queue
[2024-04-23 21:24:08,122] {logging_mixin.py:115} INFO - [2024-04-23 21:24:08,122] {dagbag.py:507} INFO - Filling up the DagBag from /opt/airflow/dags/first_dag.py
[2024-04-23 21:24:08,141] {processor.py:651} INFO - DAG(s) dict_keys(['first_dag']) retrieved from /opt/airflow/dags/first_dag.py
[2024-04-23 21:24:08,172] {logging_mixin.py:115} INFO - [2024-04-23 21:24:08,172] {dag.py:2371} INFO - Sync 1 DAGs
[2024-04-23 21:24:08,198] {logging_mixin.py:115} INFO - [2024-04-23 21:24:08,198] {dag.py:2919} INFO - Setting next_dagrun for first_dag to 2024-04-23T21:23:08.197725+00:00, run_after=2024-04-23T21:24:08.197725+00:00
[2024-04-23 21:24:08,213] {processor.py:161} INFO - Processing /opt/airflow/dags/first_dag.py took 0.098 seconds
[2024-04-23 21:24:38,273] {processor.py:153} INFO - Started process (PID=3939) to work on /opt/airflow/dags/first_dag.py
[2024-04-23 21:24:38,274] {processor.py:641} INFO - Processing file /opt/airflow/dags/first_dag.py for tasks to queue
[2024-04-23 21:24:38,275] {logging_mixin.py:115} INFO - [2024-04-23 21:24:38,275] {dagbag.py:507} INFO - Filling up the DagBag from /opt/airflow/dags/first_dag.py
[2024-04-23 21:24:38,293] {processor.py:651} INFO - DAG(s) dict_keys(['first_dag']) retrieved from /opt/airflow/dags/first_dag.py
[2024-04-23 21:24:38,324] {logging_mixin.py:115} INFO - [2024-04-23 21:24:38,324] {dag.py:2371} INFO - Sync 1 DAGs
[2024-04-23 21:24:38,349] {logging_mixin.py:115} INFO - [2024-04-23 21:24:38,349] {dag.py:2919} INFO - Setting next_dagrun for first_dag to 2024-04-23T21:23:38.349046+00:00, run_after=2024-04-23T21:24:38.349046+00:00
[2024-04-23 21:24:38,364] {processor.py:161} INFO - Processing /opt/airflow/dags/first_dag.py took 0.096 seconds
[2024-04-23 21:25:08,802] {processor.py:153} INFO - Started process (PID=4001) to work on /opt/airflow/dags/first_dag.py
[2024-04-23 21:25:08,803] {processor.py:641} INFO - Processing file /opt/airflow/dags/first_dag.py for tasks to queue
[2024-04-23 21:25:08,804] {logging_mixin.py:115} INFO - [2024-04-23 21:25:08,804] {dagbag.py:507} INFO - Filling up the DagBag from /opt/airflow/dags/first_dag.py
[2024-04-23 21:25:08,822] {processor.py:651} INFO - DAG(s) dict_keys(['first_dag']) retrieved from /opt/airflow/dags/first_dag.py
[2024-04-23 21:25:08,852] {logging_mixin.py:115} INFO - [2024-04-23 21:25:08,852] {dag.py:2371} INFO - Sync 1 DAGs
[2024-04-23 21:25:08,879] {logging_mixin.py:115} INFO - [2024-04-23 21:25:08,879] {dag.py:2919} INFO - Setting next_dagrun for first_dag to 2024-04-23T21:24:08.878744+00:00, run_after=2024-04-23T21:25:08.878744+00:00
[2024-04-23 21:25:08,894] {processor.py:161} INFO - Processing /opt/airflow/dags/first_dag.py took 0.097 seconds
[2024-04-23 21:25:39,030] {processor.py:153} INFO - Started process (PID=4070) to work on /opt/airflow/dags/first_dag.py
[2024-04-23 21:25:39,031] {processor.py:641} INFO - Processing file /opt/airflow/dags/first_dag.py for tasks to queue
[2024-04-23 21:25:39,032] {logging_mixin.py:115} INFO - [2024-04-23 21:25:39,032] {dagbag.py:507} INFO - Filling up the DagBag from /opt/airflow/dags/first_dag.py
[2024-04-23 21:25:39,062] {processor.py:651} INFO - DAG(s) dict_keys(['first_dag']) retrieved from /opt/airflow/dags/first_dag.py
[2024-04-23 21:25:39,120] {logging_mixin.py:115} INFO - [2024-04-23 21:25:39,119] {dag.py:2371} INFO - Sync 1 DAGs
[2024-04-23 21:25:39,160] {logging_mixin.py:115} INFO - [2024-04-23 21:25:39,160] {dag.py:2919} INFO - Setting next_dagrun for first_dag to 2024-04-23T21:24:39.160184+00:00, run_after=2024-04-23T21:25:39.160184+00:00
[2024-04-23 21:25:39,193] {processor.py:161} INFO - Processing /opt/airflow/dags/first_dag.py took 0.169 seconds
[2024-04-23 21:26:09,386] {processor.py:153} INFO - Started process (PID=4140) to work on /opt/airflow/dags/first_dag.py
[2024-04-23 21:26:09,387] {processor.py:641} INFO - Processing file /opt/airflow/dags/first_dag.py for tasks to queue
[2024-04-23 21:26:09,388] {logging_mixin.py:115} INFO - [2024-04-23 21:26:09,387] {dagbag.py:507} INFO - Filling up the DagBag from /opt/airflow/dags/first_dag.py
[2024-04-23 21:26:09,405] {processor.py:651} INFO - DAG(s) dict_keys(['first_dag']) retrieved from /opt/airflow/dags/first_dag.py
[2024-04-23 21:26:09,439] {logging_mixin.py:115} INFO - [2024-04-23 21:26:09,439] {dag.py:2371} INFO - Sync 1 DAGs
[2024-04-23 21:26:09,465] {logging_mixin.py:115} INFO - [2024-04-23 21:26:09,465] {dag.py:2919} INFO - Setting next_dagrun for first_dag to 2024-04-23T21:25:09.465354+00:00, run_after=2024-04-23T21:26:09.465354+00:00
[2024-04-23 21:26:09,480] {processor.py:161} INFO - Processing /opt/airflow/dags/first_dag.py took 0.100 seconds
[2024-04-23 21:26:39,730] {processor.py:153} INFO - Started process (PID=4201) to work on /opt/airflow/dags/first_dag.py
[2024-04-23 21:26:39,731] {processor.py:641} INFO - Processing file /opt/airflow/dags/first_dag.py for tasks to queue
[2024-04-23 21:26:39,731] {logging_mixin.py:115} INFO - [2024-04-23 21:26:39,731] {dagbag.py:507} INFO - Filling up the DagBag from /opt/airflow/dags/first_dag.py
[2024-04-23 21:26:39,749] {processor.py:651} INFO - DAG(s) dict_keys(['first_dag']) retrieved from /opt/airflow/dags/first_dag.py
[2024-04-23 21:26:39,779] {logging_mixin.py:115} INFO - [2024-04-23 21:26:39,779] {dag.py:2371} INFO - Sync 1 DAGs
[2024-04-23 21:26:39,804] {logging_mixin.py:115} INFO - [2024-04-23 21:26:39,804] {dag.py:2919} INFO - Setting next_dagrun for first_dag to 2024-04-23T21:25:39.804457+00:00, run_after=2024-04-23T21:26:39.804457+00:00
[2024-04-23 21:26:39,821] {processor.py:161} INFO - Processing /opt/airflow/dags/first_dag.py took 0.096 seconds
[2024-04-23 21:27:10,046] {processor.py:153} INFO - Started process (PID=4271) to work on /opt/airflow/dags/first_dag.py
[2024-04-23 21:27:10,047] {processor.py:641} INFO - Processing file /opt/airflow/dags/first_dag.py for tasks to queue
[2024-04-23 21:27:10,048] {logging_mixin.py:115} INFO - [2024-04-23 21:27:10,048] {dagbag.py:507} INFO - Filling up the DagBag from /opt/airflow/dags/first_dag.py
[2024-04-23 21:27:10,068] {processor.py:651} INFO - DAG(s) dict_keys(['first_dag']) retrieved from /opt/airflow/dags/first_dag.py
[2024-04-23 21:27:10,101] {logging_mixin.py:115} INFO - [2024-04-23 21:27:10,101] {dag.py:2371} INFO - Sync 1 DAGs
[2024-04-23 21:27:10,125] {logging_mixin.py:115} INFO - [2024-04-23 21:27:10,125] {dag.py:2919} INFO - Setting next_dagrun for first_dag to 2024-04-23T21:26:10.125503+00:00, run_after=2024-04-23T21:27:10.125503+00:00
[2024-04-23 21:27:10,142] {processor.py:161} INFO - Processing /opt/airflow/dags/first_dag.py took 0.100 seconds
[2024-04-23 21:27:40,405] {processor.py:153} INFO - Started process (PID=4341) to work on /opt/airflow/dags/first_dag.py
[2024-04-23 21:27:40,406] {processor.py:641} INFO - Processing file /opt/airflow/dags/first_dag.py for tasks to queue
[2024-04-23 21:27:40,407] {logging_mixin.py:115} INFO - [2024-04-23 21:27:40,407] {dagbag.py:507} INFO - Filling up the DagBag from /opt/airflow/dags/first_dag.py
[2024-04-23 21:27:40,424] {processor.py:651} INFO - DAG(s) dict_keys(['first_dag']) retrieved from /opt/airflow/dags/first_dag.py
[2024-04-23 21:27:40,463] {logging_mixin.py:115} INFO - [2024-04-23 21:27:40,463] {dag.py:2371} INFO - Sync 1 DAGs
[2024-04-23 21:27:40,491] {logging_mixin.py:115} INFO - [2024-04-23 21:27:40,491] {dag.py:2919} INFO - Setting next_dagrun for first_dag to 2024-04-23T21:26:40.491072+00:00, run_after=2024-04-23T21:27:40.491072+00:00
[2024-04-23 21:27:40,506] {processor.py:161} INFO - Processing /opt/airflow/dags/first_dag.py took 0.108 seconds
[2024-04-23 21:28:10,764] {processor.py:153} INFO - Started process (PID=4400) to work on /opt/airflow/dags/first_dag.py
[2024-04-23 21:28:10,765] {processor.py:641} INFO - Processing file /opt/airflow/dags/first_dag.py for tasks to queue
[2024-04-23 21:28:10,766] {logging_mixin.py:115} INFO - [2024-04-23 21:28:10,766] {dagbag.py:507} INFO - Filling up the DagBag from /opt/airflow/dags/first_dag.py
[2024-04-23 21:28:10,786] {processor.py:651} INFO - DAG(s) dict_keys(['first_dag']) retrieved from /opt/airflow/dags/first_dag.py
[2024-04-23 21:28:10,823] {logging_mixin.py:115} INFO - [2024-04-23 21:28:10,823] {dag.py:2371} INFO - Sync 1 DAGs
[2024-04-23 21:28:10,849] {logging_mixin.py:115} INFO - [2024-04-23 21:28:10,849] {dag.py:2919} INFO - Setting next_dagrun for first_dag to 2024-04-23T21:27:10.849196+00:00, run_after=2024-04-23T21:28:10.849196+00:00
[2024-04-23 21:28:10,864] {processor.py:161} INFO - Processing /opt/airflow/dags/first_dag.py took 0.106 seconds
[2024-04-23 21:28:41,036] {processor.py:153} INFO - Started process (PID=4470) to work on /opt/airflow/dags/first_dag.py
[2024-04-23 21:28:41,037] {processor.py:641} INFO - Processing file /opt/airflow/dags/first_dag.py for tasks to queue
[2024-04-23 21:28:41,038] {logging_mixin.py:115} INFO - [2024-04-23 21:28:41,038] {dagbag.py:507} INFO - Filling up the DagBag from /opt/airflow/dags/first_dag.py
[2024-04-23 21:28:41,056] {processor.py:651} INFO - DAG(s) dict_keys(['first_dag']) retrieved from /opt/airflow/dags/first_dag.py
[2024-04-23 21:28:41,086] {logging_mixin.py:115} INFO - [2024-04-23 21:28:41,086] {dag.py:2371} INFO - Sync 1 DAGs
[2024-04-23 21:28:41,114] {logging_mixin.py:115} INFO - [2024-04-23 21:28:41,114] {dag.py:2919} INFO - Setting next_dagrun for first_dag to 2024-04-23T21:27:41.114250+00:00, run_after=2024-04-23T21:28:41.114250+00:00
[2024-04-23 21:28:41,129] {processor.py:161} INFO - Processing /opt/airflow/dags/first_dag.py took 0.099 seconds
[2024-04-23 21:29:11,808] {processor.py:153} INFO - Started process (PID=4538) to work on /opt/airflow/dags/first_dag.py
[2024-04-23 21:29:11,809] {processor.py:641} INFO - Processing file /opt/airflow/dags/first_dag.py for tasks to queue
[2024-04-23 21:29:11,810] {logging_mixin.py:115} INFO - [2024-04-23 21:29:11,810] {dagbag.py:507} INFO - Filling up the DagBag from /opt/airflow/dags/first_dag.py
[2024-04-23 21:29:11,827] {processor.py:651} INFO - DAG(s) dict_keys(['first_dag']) retrieved from /opt/airflow/dags/first_dag.py
[2024-04-23 21:29:11,859] {logging_mixin.py:115} INFO - [2024-04-23 21:29:11,859] {dag.py:2371} INFO - Sync 1 DAGs
[2024-04-23 21:29:11,885] {logging_mixin.py:115} INFO - [2024-04-23 21:29:11,885] {dag.py:2919} INFO - Setting next_dagrun for first_dag to 2024-04-23T21:28:11.885501+00:00, run_after=2024-04-23T21:29:11.885501+00:00
[2024-04-23 21:29:11,901] {processor.py:161} INFO - Processing /opt/airflow/dags/first_dag.py took 0.098 seconds
[2024-04-23 21:29:43,057] {processor.py:153} INFO - Started process (PID=4610) to work on /opt/airflow/dags/first_dag.py
[2024-04-23 21:29:43,059] {processor.py:641} INFO - Processing file /opt/airflow/dags/first_dag.py for tasks to queue
[2024-04-23 21:29:43,060] {logging_mixin.py:115} INFO - [2024-04-23 21:29:43,060] {dagbag.py:507} INFO - Filling up the DagBag from /opt/airflow/dags/first_dag.py
[2024-04-23 21:29:43,121] {processor.py:651} INFO - DAG(s) dict_keys(['first_dag']) retrieved from /opt/airflow/dags/first_dag.py
[2024-04-23 21:29:43,195] {logging_mixin.py:115} INFO - [2024-04-23 21:29:43,195] {dag.py:2371} INFO - Sync 1 DAGs
[2024-04-23 21:29:43,263] {logging_mixin.py:115} INFO - [2024-04-23 21:29:43,263] {dag.py:2919} INFO - Setting next_dagrun for first_dag to 2024-04-23T21:28:43.262394+00:00, run_after=2024-04-23T21:29:43.262394+00:00
[2024-04-23 21:29:43,291] {processor.py:161} INFO - Processing /opt/airflow/dags/first_dag.py took 0.247 seconds
[2024-04-23 21:30:13,516] {processor.py:153} INFO - Started process (PID=4679) to work on /opt/airflow/dags/first_dag.py
[2024-04-23 21:30:13,517] {processor.py:641} INFO - Processing file /opt/airflow/dags/first_dag.py for tasks to queue
[2024-04-23 21:30:13,518] {logging_mixin.py:115} INFO - [2024-04-23 21:30:13,518] {dagbag.py:507} INFO - Filling up the DagBag from /opt/airflow/dags/first_dag.py
[2024-04-23 21:30:13,540] {processor.py:651} INFO - DAG(s) dict_keys(['first_dag']) retrieved from /opt/airflow/dags/first_dag.py
[2024-04-23 21:30:13,596] {logging_mixin.py:115} INFO - [2024-04-23 21:30:13,595] {dag.py:2371} INFO - Sync 1 DAGs
[2024-04-23 21:30:13,624] {logging_mixin.py:115} INFO - [2024-04-23 21:30:13,624] {dag.py:2919} INFO - Setting next_dagrun for first_dag to 2024-04-23T21:29:13.624025+00:00, run_after=2024-04-23T21:30:13.624025+00:00
[2024-04-23 21:30:13,643] {processor.py:161} INFO - Processing /opt/airflow/dags/first_dag.py took 0.131 seconds
[2024-04-23 21:30:44,103] {processor.py:153} INFO - Started process (PID=4738) to work on /opt/airflow/dags/first_dag.py
[2024-04-23 21:30:44,104] {processor.py:641} INFO - Processing file /opt/airflow/dags/first_dag.py for tasks to queue
[2024-04-23 21:30:44,105] {logging_mixin.py:115} INFO - [2024-04-23 21:30:44,105] {dagbag.py:507} INFO - Filling up the DagBag from /opt/airflow/dags/first_dag.py
[2024-04-23 21:30:44,125] {processor.py:651} INFO - DAG(s) dict_keys(['first_dag']) retrieved from /opt/airflow/dags/first_dag.py
[2024-04-23 21:30:44,153] {logging_mixin.py:115} INFO - [2024-04-23 21:30:44,153] {dag.py:2371} INFO - Sync 1 DAGs
[2024-04-23 21:30:44,178] {logging_mixin.py:115} INFO - [2024-04-23 21:30:44,178] {dag.py:2919} INFO - Setting next_dagrun for first_dag to 2024-04-23T21:29:44.177861+00:00, run_after=2024-04-23T21:30:44.177861+00:00
[2024-04-23 21:30:44,193] {processor.py:161} INFO - Processing /opt/airflow/dags/first_dag.py took 0.095 seconds
[2024-04-23 21:31:14,429] {processor.py:153} INFO - Started process (PID=4806) to work on /opt/airflow/dags/first_dag.py
[2024-04-23 21:31:14,430] {processor.py:641} INFO - Processing file /opt/airflow/dags/first_dag.py for tasks to queue
[2024-04-23 21:31:14,431] {logging_mixin.py:115} INFO - [2024-04-23 21:31:14,430] {dagbag.py:507} INFO - Filling up the DagBag from /opt/airflow/dags/first_dag.py
[2024-04-23 21:31:14,446] {processor.py:651} INFO - DAG(s) dict_keys(['first_dag']) retrieved from /opt/airflow/dags/first_dag.py
[2024-04-23 21:31:14,475] {logging_mixin.py:115} INFO - [2024-04-23 21:31:14,475] {dag.py:2371} INFO - Sync 1 DAGs
[2024-04-23 21:31:14,512] {logging_mixin.py:115} INFO - [2024-04-23 21:31:14,512] {dag.py:2919} INFO - Setting next_dagrun for first_dag to 2024-04-23T21:30:14.512207+00:00, run_after=2024-04-23T21:31:14.512207+00:00
[2024-04-23 21:31:14,547] {processor.py:161} INFO - Processing /opt/airflow/dags/first_dag.py took 0.122 seconds
[2024-04-23 21:31:44,657] {processor.py:153} INFO - Started process (PID=4872) to work on /opt/airflow/dags/first_dag.py
[2024-04-23 21:31:44,658] {processor.py:641} INFO - Processing file /opt/airflow/dags/first_dag.py for tasks to queue
[2024-04-23 21:31:44,659] {logging_mixin.py:115} INFO - [2024-04-23 21:31:44,659] {dagbag.py:507} INFO - Filling up the DagBag from /opt/airflow/dags/first_dag.py
[2024-04-23 21:31:44,673] {processor.py:651} INFO - DAG(s) dict_keys(['first_dag']) retrieved from /opt/airflow/dags/first_dag.py
[2024-04-23 21:31:44,702] {logging_mixin.py:115} INFO - [2024-04-23 21:31:44,702] {dag.py:2371} INFO - Sync 1 DAGs
[2024-04-23 21:31:44,730] {logging_mixin.py:115} INFO - [2024-04-23 21:31:44,730] {dag.py:2919} INFO - Setting next_dagrun for first_dag to 2024-04-23T21:30:44.730463+00:00, run_after=2024-04-23T21:31:44.730463+00:00
[2024-04-23 21:31:44,745] {processor.py:161} INFO - Processing /opt/airflow/dags/first_dag.py took 0.092 seconds
[2024-04-23 21:32:15,433] {processor.py:153} INFO - Started process (PID=4927) to work on /opt/airflow/dags/first_dag.py
[2024-04-23 21:32:15,434] {processor.py:641} INFO - Processing file /opt/airflow/dags/first_dag.py for tasks to queue
[2024-04-23 21:32:15,435] {logging_mixin.py:115} INFO - [2024-04-23 21:32:15,435] {dagbag.py:507} INFO - Filling up the DagBag from /opt/airflow/dags/first_dag.py
[2024-04-23 21:32:15,457] {processor.py:651} INFO - DAG(s) dict_keys(['first_dag']) retrieved from /opt/airflow/dags/first_dag.py
[2024-04-23 21:32:15,497] {logging_mixin.py:115} INFO - [2024-04-23 21:32:15,496] {dag.py:2371} INFO - Sync 1 DAGs
[2024-04-23 21:32:15,524] {logging_mixin.py:115} INFO - [2024-04-23 21:32:15,524] {dag.py:2919} INFO - Setting next_dagrun for first_dag to 2024-04-23T21:31:15.524455+00:00, run_after=2024-04-23T21:32:15.524455+00:00
[2024-04-23 21:32:15,539] {processor.py:161} INFO - Processing /opt/airflow/dags/first_dag.py took 0.111 seconds
[2024-04-23 21:32:46,583] {processor.py:153} INFO - Started process (PID=4997) to work on /opt/airflow/dags/first_dag.py
[2024-04-23 21:32:46,584] {processor.py:641} INFO - Processing file /opt/airflow/dags/first_dag.py for tasks to queue
[2024-04-23 21:32:46,585] {logging_mixin.py:115} INFO - [2024-04-23 21:32:46,585] {dagbag.py:507} INFO - Filling up the DagBag from /opt/airflow/dags/first_dag.py
[2024-04-23 21:32:46,603] {processor.py:651} INFO - DAG(s) dict_keys(['first_dag']) retrieved from /opt/airflow/dags/first_dag.py
[2024-04-23 21:32:46,635] {logging_mixin.py:115} INFO - [2024-04-23 21:32:46,635] {dag.py:2371} INFO - Sync 1 DAGs
[2024-04-23 21:32:46,661] {logging_mixin.py:115} INFO - [2024-04-23 21:32:46,661] {dag.py:2919} INFO - Setting next_dagrun for first_dag to 2024-04-23T21:31:46.660730+00:00, run_after=2024-04-23T21:32:46.660730+00:00
[2024-04-23 21:32:46,675] {processor.py:161} INFO - Processing /opt/airflow/dags/first_dag.py took 0.098 seconds
[2024-04-23 21:33:17,919] {processor.py:153} INFO - Started process (PID=5067) to work on /opt/airflow/dags/first_dag.py
[2024-04-23 21:33:17,920] {processor.py:641} INFO - Processing file /opt/airflow/dags/first_dag.py for tasks to queue
[2024-04-23 21:33:17,921] {logging_mixin.py:115} INFO - [2024-04-23 21:33:17,921] {dagbag.py:507} INFO - Filling up the DagBag from /opt/airflow/dags/first_dag.py
[2024-04-23 21:33:17,940] {processor.py:651} INFO - DAG(s) dict_keys(['first_dag']) retrieved from /opt/airflow/dags/first_dag.py
[2024-04-23 21:33:17,974] {logging_mixin.py:115} INFO - [2024-04-23 21:33:17,974] {dag.py:2371} INFO - Sync 1 DAGs
[2024-04-23 21:33:18,004] {logging_mixin.py:115} INFO - [2024-04-23 21:33:18,004] {dag.py:2919} INFO - Setting next_dagrun for first_dag to 2024-04-23T21:32:18.003656+00:00, run_after=2024-04-23T21:33:18.003656+00:00
[2024-04-23 21:33:18,019] {processor.py:161} INFO - Processing /opt/airflow/dags/first_dag.py took 0.105 seconds
[2024-04-23 21:33:49,226] {processor.py:153} INFO - Started process (PID=5128) to work on /opt/airflow/dags/first_dag.py
[2024-04-23 21:33:49,228] {processor.py:641} INFO - Processing file /opt/airflow/dags/first_dag.py for tasks to queue
[2024-04-23 21:33:49,228] {logging_mixin.py:115} INFO - [2024-04-23 21:33:49,228] {dagbag.py:507} INFO - Filling up the DagBag from /opt/airflow/dags/first_dag.py
[2024-04-23 21:33:49,249] {processor.py:651} INFO - DAG(s) dict_keys(['first_dag']) retrieved from /opt/airflow/dags/first_dag.py
[2024-04-23 21:33:49,291] {logging_mixin.py:115} INFO - [2024-04-23 21:33:49,291] {dag.py:2371} INFO - Sync 1 DAGs
[2024-04-23 21:33:49,316] {logging_mixin.py:115} INFO - [2024-04-23 21:33:49,316] {dag.py:2919} INFO - Setting next_dagrun for first_dag to 2024-04-23T21:32:49.315686+00:00, run_after=2024-04-23T21:33:49.315686+00:00
[2024-04-23 21:33:49,330] {processor.py:161} INFO - Processing /opt/airflow/dags/first_dag.py took 0.109 seconds
[2024-04-23 21:34:20,526] {processor.py:153} INFO - Started process (PID=5198) to work on /opt/airflow/dags/first_dag.py
[2024-04-23 21:34:20,527] {processor.py:641} INFO - Processing file /opt/airflow/dags/first_dag.py for tasks to queue
[2024-04-23 21:34:20,528] {logging_mixin.py:115} INFO - [2024-04-23 21:34:20,528] {dagbag.py:507} INFO - Filling up the DagBag from /opt/airflow/dags/first_dag.py
[2024-04-23 21:34:20,552] {processor.py:651} INFO - DAG(s) dict_keys(['first_dag']) retrieved from /opt/airflow/dags/first_dag.py
[2024-04-23 21:34:20,591] {logging_mixin.py:115} INFO - [2024-04-23 21:34:20,591] {dag.py:2371} INFO - Sync 1 DAGs
[2024-04-23 21:34:20,625] {logging_mixin.py:115} INFO - [2024-04-23 21:34:20,624] {dag.py:2919} INFO - Setting next_dagrun for first_dag to 2024-04-23T21:33:20.624627+00:00, run_after=2024-04-23T21:34:20.624627+00:00
[2024-04-23 21:34:20,648] {processor.py:161} INFO - Processing /opt/airflow/dags/first_dag.py took 0.128 seconds
[2024-04-23 21:34:51,257] {processor.py:153} INFO - Started process (PID=5269) to work on /opt/airflow/dags/first_dag.py
[2024-04-23 21:34:51,258] {processor.py:641} INFO - Processing file /opt/airflow/dags/first_dag.py for tasks to queue
[2024-04-23 21:34:51,259] {logging_mixin.py:115} INFO - [2024-04-23 21:34:51,259] {dagbag.py:507} INFO - Filling up the DagBag from /opt/airflow/dags/first_dag.py
[2024-04-23 21:34:51,275] {processor.py:651} INFO - DAG(s) dict_keys(['first_dag']) retrieved from /opt/airflow/dags/first_dag.py
[2024-04-23 21:34:51,326] {logging_mixin.py:115} INFO - [2024-04-23 21:34:51,326] {dag.py:2371} INFO - Sync 1 DAGs
[2024-04-23 21:34:51,365] {logging_mixin.py:115} INFO - [2024-04-23 21:34:51,365] {dag.py:2919} INFO - Setting next_dagrun for first_dag to 2024-04-23T21:33:51.365098+00:00, run_after=2024-04-23T21:34:51.365098+00:00
[2024-04-23 21:34:51,380] {processor.py:161} INFO - Processing /opt/airflow/dags/first_dag.py took 0.128 seconds
[2024-04-23 21:35:22,217] {processor.py:153} INFO - Started process (PID=5330) to work on /opt/airflow/dags/first_dag.py
[2024-04-23 21:35:22,218] {processor.py:641} INFO - Processing file /opt/airflow/dags/first_dag.py for tasks to queue
[2024-04-23 21:35:22,219] {logging_mixin.py:115} INFO - [2024-04-23 21:35:22,219] {dagbag.py:507} INFO - Filling up the DagBag from /opt/airflow/dags/first_dag.py
[2024-04-23 21:35:22,241] {processor.py:651} INFO - DAG(s) dict_keys(['first_dag']) retrieved from /opt/airflow/dags/first_dag.py
[2024-04-23 21:35:22,280] {logging_mixin.py:115} INFO - [2024-04-23 21:35:22,280] {dag.py:2371} INFO - Sync 1 DAGs
[2024-04-23 21:35:22,318] {logging_mixin.py:115} INFO - [2024-04-23 21:35:22,317] {dag.py:2919} INFO - Setting next_dagrun for first_dag to 2024-04-23T21:34:22.317478+00:00, run_after=2024-04-23T21:35:22.317478+00:00
[2024-04-23 21:35:22,334] {processor.py:161} INFO - Processing /opt/airflow/dags/first_dag.py took 0.122 seconds
[2024-04-23 21:35:53,146] {processor.py:153} INFO - Started process (PID=5400) to work on /opt/airflow/dags/first_dag.py
[2024-04-23 21:35:53,146] {processor.py:641} INFO - Processing file /opt/airflow/dags/first_dag.py for tasks to queue
[2024-04-23 21:35:53,147] {logging_mixin.py:115} INFO - [2024-04-23 21:35:53,147] {dagbag.py:507} INFO - Filling up the DagBag from /opt/airflow/dags/first_dag.py
[2024-04-23 21:35:53,165] {processor.py:651} INFO - DAG(s) dict_keys(['first_dag']) retrieved from /opt/airflow/dags/first_dag.py
[2024-04-23 21:35:53,198] {logging_mixin.py:115} INFO - [2024-04-23 21:35:53,198] {dag.py:2371} INFO - Sync 1 DAGs
[2024-04-23 21:35:53,223] {logging_mixin.py:115} INFO - [2024-04-23 21:35:53,223] {dag.py:2919} INFO - Setting next_dagrun for first_dag to 2024-04-23T21:34:53.222994+00:00, run_after=2024-04-23T21:35:53.222994+00:00
[2024-04-23 21:35:53,238] {processor.py:161} INFO - Processing /opt/airflow/dags/first_dag.py took 0.097 seconds
[2024-04-23 21:36:24,080] {processor.py:153} INFO - Started process (PID=5470) to work on /opt/airflow/dags/first_dag.py
[2024-04-23 21:36:24,081] {processor.py:641} INFO - Processing file /opt/airflow/dags/first_dag.py for tasks to queue
[2024-04-23 21:36:24,082] {logging_mixin.py:115} INFO - [2024-04-23 21:36:24,081] {dagbag.py:507} INFO - Filling up the DagBag from /opt/airflow/dags/first_dag.py
[2024-04-23 21:36:24,103] {processor.py:651} INFO - DAG(s) dict_keys(['first_dag']) retrieved from /opt/airflow/dags/first_dag.py
[2024-04-23 21:36:24,143] {logging_mixin.py:115} INFO - [2024-04-23 21:36:24,142] {dag.py:2371} INFO - Sync 1 DAGs
[2024-04-23 21:36:24,174] {logging_mixin.py:115} INFO - [2024-04-23 21:36:24,174] {dag.py:2919} INFO - Setting next_dagrun for first_dag to 2024-04-23T21:35:24.173663+00:00, run_after=2024-04-23T21:36:24.173663+00:00
[2024-04-23 21:36:24,188] {processor.py:161} INFO - Processing /opt/airflow/dags/first_dag.py took 0.113 seconds
[2024-04-23 21:36:54,994] {processor.py:153} INFO - Started process (PID=5531) to work on /opt/airflow/dags/first_dag.py
[2024-04-23 21:36:54,995] {processor.py:641} INFO - Processing file /opt/airflow/dags/first_dag.py for tasks to queue
[2024-04-23 21:36:54,997] {logging_mixin.py:115} INFO - [2024-04-23 21:36:54,997] {dagbag.py:507} INFO - Filling up the DagBag from /opt/airflow/dags/first_dag.py
[2024-04-23 21:36:55,027] {processor.py:651} INFO - DAG(s) dict_keys(['first_dag']) retrieved from /opt/airflow/dags/first_dag.py
[2024-04-23 21:36:55,080] {logging_mixin.py:115} INFO - [2024-04-23 21:36:55,080] {dag.py:2371} INFO - Sync 1 DAGs
[2024-04-23 21:36:55,117] {logging_mixin.py:115} INFO - [2024-04-23 21:36:55,117] {dag.py:2919} INFO - Setting next_dagrun for first_dag to 2024-04-23T21:35:55.117590+00:00, run_after=2024-04-23T21:36:55.117590+00:00
[2024-04-23 21:36:55,133] {processor.py:161} INFO - Processing /opt/airflow/dags/first_dag.py took 0.144 seconds
[2024-04-23 21:37:25,828] {processor.py:153} INFO - Started process (PID=5601) to work on /opt/airflow/dags/first_dag.py
[2024-04-23 21:37:25,829] {processor.py:641} INFO - Processing file /opt/airflow/dags/first_dag.py for tasks to queue
[2024-04-23 21:37:25,830] {logging_mixin.py:115} INFO - [2024-04-23 21:37:25,830] {dagbag.py:507} INFO - Filling up the DagBag from /opt/airflow/dags/first_dag.py
[2024-04-23 21:37:25,850] {processor.py:651} INFO - DAG(s) dict_keys(['first_dag']) retrieved from /opt/airflow/dags/first_dag.py
[2024-04-23 21:37:25,884] {logging_mixin.py:115} INFO - [2024-04-23 21:37:25,883] {dag.py:2371} INFO - Sync 1 DAGs
[2024-04-23 21:37:25,912] {logging_mixin.py:115} INFO - [2024-04-23 21:37:25,912] {dag.py:2919} INFO - Setting next_dagrun for first_dag to 2024-04-23T21:36:25.911748+00:00, run_after=2024-04-23T21:37:25.911748+00:00
[2024-04-23 21:37:25,927] {processor.py:161} INFO - Processing /opt/airflow/dags/first_dag.py took 0.103 seconds
[2024-04-23 21:37:56,640] {processor.py:153} INFO - Started process (PID=5671) to work on /opt/airflow/dags/first_dag.py
[2024-04-23 21:37:56,641] {processor.py:641} INFO - Processing file /opt/airflow/dags/first_dag.py for tasks to queue
[2024-04-23 21:37:56,641] {logging_mixin.py:115} INFO - [2024-04-23 21:37:56,641] {dagbag.py:507} INFO - Filling up the DagBag from /opt/airflow/dags/first_dag.py
[2024-04-23 21:37:56,660] {processor.py:651} INFO - DAG(s) dict_keys(['first_dag']) retrieved from /opt/airflow/dags/first_dag.py
[2024-04-23 21:37:56,701] {logging_mixin.py:115} INFO - [2024-04-23 21:37:56,701] {dag.py:2371} INFO - Sync 1 DAGs
[2024-04-23 21:37:56,735] {logging_mixin.py:115} INFO - [2024-04-23 21:37:56,734] {dag.py:2919} INFO - Setting next_dagrun for first_dag to 2024-04-23T21:36:56.734582+00:00, run_after=2024-04-23T21:37:56.734582+00:00
[2024-04-23 21:37:56,752] {processor.py:161} INFO - Processing /opt/airflow/dags/first_dag.py took 0.117 seconds
[2024-04-23 21:38:27,436] {processor.py:153} INFO - Started process (PID=5732) to work on /opt/airflow/dags/first_dag.py
[2024-04-23 21:38:27,437] {processor.py:641} INFO - Processing file /opt/airflow/dags/first_dag.py for tasks to queue
[2024-04-23 21:38:27,438] {logging_mixin.py:115} INFO - [2024-04-23 21:38:27,438] {dagbag.py:507} INFO - Filling up the DagBag from /opt/airflow/dags/first_dag.py
[2024-04-23 21:38:27,454] {processor.py:651} INFO - DAG(s) dict_keys(['first_dag']) retrieved from /opt/airflow/dags/first_dag.py
[2024-04-23 21:38:27,487] {logging_mixin.py:115} INFO - [2024-04-23 21:38:27,487] {dag.py:2371} INFO - Sync 1 DAGs
[2024-04-23 21:38:27,514] {logging_mixin.py:115} INFO - [2024-04-23 21:38:27,514] {dag.py:2919} INFO - Setting next_dagrun for first_dag to 2024-04-23T21:37:27.514545+00:00, run_after=2024-04-23T21:38:27.514545+00:00
[2024-04-23 21:38:27,529] {processor.py:161} INFO - Processing /opt/airflow/dags/first_dag.py took 0.098 seconds
[2024-04-23 21:38:58,623] {processor.py:153} INFO - Started process (PID=5802) to work on /opt/airflow/dags/first_dag.py
[2024-04-23 21:38:58,624] {processor.py:641} INFO - Processing file /opt/airflow/dags/first_dag.py for tasks to queue
[2024-04-23 21:38:58,625] {logging_mixin.py:115} INFO - [2024-04-23 21:38:58,625] {dagbag.py:507} INFO - Filling up the DagBag from /opt/airflow/dags/first_dag.py
[2024-04-23 21:38:58,645] {processor.py:651} INFO - DAG(s) dict_keys(['first_dag']) retrieved from /opt/airflow/dags/first_dag.py
[2024-04-23 21:38:58,680] {logging_mixin.py:115} INFO - [2024-04-23 21:38:58,680] {dag.py:2371} INFO - Sync 1 DAGs
[2024-04-23 21:38:58,705] {logging_mixin.py:115} INFO - [2024-04-23 21:38:58,705] {dag.py:2919} INFO - Setting next_dagrun for first_dag to 2024-04-23T21:37:58.705236+00:00, run_after=2024-04-23T21:38:58.705236+00:00
[2024-04-23 21:38:58,722] {processor.py:161} INFO - Processing /opt/airflow/dags/first_dag.py took 0.103 seconds
[2024-04-23 21:39:30,237] {processor.py:153} INFO - Started process (PID=5872) to work on /opt/airflow/dags/first_dag.py
[2024-04-23 21:39:30,238] {processor.py:641} INFO - Processing file /opt/airflow/dags/first_dag.py for tasks to queue
[2024-04-23 21:39:30,239] {logging_mixin.py:115} INFO - [2024-04-23 21:39:30,239] {dagbag.py:507} INFO - Filling up the DagBag from /opt/airflow/dags/first_dag.py
[2024-04-23 21:39:30,259] {processor.py:651} INFO - DAG(s) dict_keys(['first_dag']) retrieved from /opt/airflow/dags/first_dag.py
[2024-04-23 21:39:30,302] {logging_mixin.py:115} INFO - [2024-04-23 21:39:30,301] {dag.py:2371} INFO - Sync 1 DAGs
[2024-04-23 21:39:30,333] {logging_mixin.py:115} INFO - [2024-04-23 21:39:30,333] {dag.py:2919} INFO - Setting next_dagrun for first_dag to 2024-04-23T21:38:30.332829+00:00, run_after=2024-04-23T21:39:30.332829+00:00
[2024-04-23 21:39:30,350] {processor.py:161} INFO - Processing /opt/airflow/dags/first_dag.py took 0.119 seconds
[2024-04-23 21:40:01,405] {processor.py:153} INFO - Started process (PID=5933) to work on /opt/airflow/dags/first_dag.py
[2024-04-23 21:40:01,406] {processor.py:641} INFO - Processing file /opt/airflow/dags/first_dag.py for tasks to queue
[2024-04-23 21:40:01,407] {logging_mixin.py:115} INFO - [2024-04-23 21:40:01,407] {dagbag.py:507} INFO - Filling up the DagBag from /opt/airflow/dags/first_dag.py
[2024-04-23 21:40:01,430] {processor.py:651} INFO - DAG(s) dict_keys(['first_dag']) retrieved from /opt/airflow/dags/first_dag.py
[2024-04-23 21:40:01,465] {logging_mixin.py:115} INFO - [2024-04-23 21:40:01,465] {dag.py:2371} INFO - Sync 1 DAGs
[2024-04-23 21:40:01,493] {logging_mixin.py:115} INFO - [2024-04-23 21:40:01,493] {dag.py:2919} INFO - Setting next_dagrun for first_dag to 2024-04-23T21:39:01.492940+00:00, run_after=2024-04-23T21:40:01.492940+00:00
[2024-04-23 21:40:01,509] {processor.py:161} INFO - Processing /opt/airflow/dags/first_dag.py took 0.109 seconds
[2024-04-23 21:40:32,718] {processor.py:153} INFO - Started process (PID=6003) to work on /opt/airflow/dags/first_dag.py
[2024-04-23 21:40:32,719] {processor.py:641} INFO - Processing file /opt/airflow/dags/first_dag.py for tasks to queue
[2024-04-23 21:40:32,720] {logging_mixin.py:115} INFO - [2024-04-23 21:40:32,720] {dagbag.py:507} INFO - Filling up the DagBag from /opt/airflow/dags/first_dag.py
[2024-04-23 21:40:32,735] {processor.py:651} INFO - DAG(s) dict_keys(['first_dag']) retrieved from /opt/airflow/dags/first_dag.py
[2024-04-23 21:40:32,769] {logging_mixin.py:115} INFO - [2024-04-23 21:40:32,769] {dag.py:2371} INFO - Sync 1 DAGs
[2024-04-23 21:40:32,794] {logging_mixin.py:115} INFO - [2024-04-23 21:40:32,794] {dag.py:2919} INFO - Setting next_dagrun for first_dag to 2024-04-23T21:39:32.793742+00:00, run_after=2024-04-23T21:40:32.793742+00:00
[2024-04-23 21:40:32,809] {processor.py:161} INFO - Processing /opt/airflow/dags/first_dag.py took 0.096 seconds
[2024-04-23 21:41:04,115] {processor.py:153} INFO - Started process (PID=6073) to work on /opt/airflow/dags/first_dag.py
[2024-04-23 21:41:04,116] {processor.py:641} INFO - Processing file /opt/airflow/dags/first_dag.py for tasks to queue
[2024-04-23 21:41:04,117] {logging_mixin.py:115} INFO - [2024-04-23 21:41:04,117] {dagbag.py:507} INFO - Filling up the DagBag from /opt/airflow/dags/first_dag.py
[2024-04-23 21:41:04,136] {processor.py:651} INFO - DAG(s) dict_keys(['first_dag']) retrieved from /opt/airflow/dags/first_dag.py
[2024-04-23 21:41:04,168] {logging_mixin.py:115} INFO - [2024-04-23 21:41:04,167] {dag.py:2371} INFO - Sync 1 DAGs
[2024-04-23 21:41:04,192] {logging_mixin.py:115} INFO - [2024-04-23 21:41:04,192] {dag.py:2919} INFO - Setting next_dagrun for first_dag to 2024-04-23T21:40:04.192297+00:00, run_after=2024-04-23T21:41:04.192297+00:00
[2024-04-23 21:41:04,207] {processor.py:161} INFO - Processing /opt/airflow/dags/first_dag.py took 0.097 seconds
[2024-04-23 21:41:35,034] {processor.py:153} INFO - Started process (PID=6134) to work on /opt/airflow/dags/first_dag.py
[2024-04-23 21:41:35,035] {processor.py:641} INFO - Processing file /opt/airflow/dags/first_dag.py for tasks to queue
[2024-04-23 21:41:35,036] {logging_mixin.py:115} INFO - [2024-04-23 21:41:35,036] {dagbag.py:507} INFO - Filling up the DagBag from /opt/airflow/dags/first_dag.py
[2024-04-23 21:41:35,055] {processor.py:651} INFO - DAG(s) dict_keys(['first_dag']) retrieved from /opt/airflow/dags/first_dag.py
[2024-04-23 21:41:35,087] {logging_mixin.py:115} INFO - [2024-04-23 21:41:35,087] {dag.py:2371} INFO - Sync 1 DAGs
[2024-04-23 21:41:35,112] {logging_mixin.py:115} INFO - [2024-04-23 21:41:35,112] {dag.py:2919} INFO - Setting next_dagrun for first_dag to 2024-04-23T21:40:35.112438+00:00, run_after=2024-04-23T21:41:35.112438+00:00
[2024-04-23 21:41:35,128] {processor.py:161} INFO - Processing /opt/airflow/dags/first_dag.py took 0.099 seconds
[2024-04-23 21:42:05,993] {processor.py:153} INFO - Started process (PID=6204) to work on /opt/airflow/dags/first_dag.py
[2024-04-23 21:42:05,994] {processor.py:641} INFO - Processing file /opt/airflow/dags/first_dag.py for tasks to queue
[2024-04-23 21:42:05,995] {logging_mixin.py:115} INFO - [2024-04-23 21:42:05,995] {dagbag.py:507} INFO - Filling up the DagBag from /opt/airflow/dags/first_dag.py
[2024-04-23 21:42:06,018] {processor.py:651} INFO - DAG(s) dict_keys(['first_dag']) retrieved from /opt/airflow/dags/first_dag.py
[2024-04-23 21:42:06,055] {logging_mixin.py:115} INFO - [2024-04-23 21:42:06,055] {dag.py:2371} INFO - Sync 1 DAGs
[2024-04-23 21:42:06,085] {logging_mixin.py:115} INFO - [2024-04-23 21:42:06,085] {dag.py:2919} INFO - Setting next_dagrun for first_dag to 2024-04-23T21:41:06.085454+00:00, run_after=2024-04-23T21:42:06.085454+00:00
[2024-04-23 21:42:06,106] {processor.py:161} INFO - Processing /opt/airflow/dags/first_dag.py took 0.118 seconds
[2024-04-23 21:42:36,926] {processor.py:153} INFO - Started process (PID=6274) to work on /opt/airflow/dags/first_dag.py
[2024-04-23 21:42:36,927] {processor.py:641} INFO - Processing file /opt/airflow/dags/first_dag.py for tasks to queue
[2024-04-23 21:42:36,928] {logging_mixin.py:115} INFO - [2024-04-23 21:42:36,928] {dagbag.py:507} INFO - Filling up the DagBag from /opt/airflow/dags/first_dag.py
[2024-04-23 21:42:36,951] {processor.py:651} INFO - DAG(s) dict_keys(['first_dag']) retrieved from /opt/airflow/dags/first_dag.py
[2024-04-23 21:42:36,983] {logging_mixin.py:115} INFO - [2024-04-23 21:42:36,982] {dag.py:2371} INFO - Sync 1 DAGs
[2024-04-23 21:42:37,007] {logging_mixin.py:115} INFO - [2024-04-23 21:42:37,007] {dag.py:2919} INFO - Setting next_dagrun for first_dag to 2024-04-23T21:41:37.007427+00:00, run_after=2024-04-23T21:42:37.007427+00:00
[2024-04-23 21:42:37,024] {processor.py:161} INFO - Processing /opt/airflow/dags/first_dag.py took 0.103 seconds
[2024-04-23 23:37:33,756] {processor.py:153} INFO - Started process (PID=6335) to work on /opt/airflow/dags/first_dag.py
[2024-04-23 23:37:33,771] {processor.py:641} INFO - Processing file /opt/airflow/dags/first_dag.py for tasks to queue
[2024-04-23 23:37:33,773] {logging_mixin.py:115} INFO - [2024-04-23 23:37:33,772] {dagbag.py:507} INFO - Filling up the DagBag from /opt/airflow/dags/first_dag.py
[2024-04-23 23:37:33,842] {processor.py:651} INFO - DAG(s) dict_keys(['first_dag']) retrieved from /opt/airflow/dags/first_dag.py
[2024-04-23 23:37:33,972] {logging_mixin.py:115} INFO - [2024-04-23 23:37:33,970] {dag.py:2371} INFO - Sync 1 DAGs
[2024-04-23 23:37:34,211] {logging_mixin.py:115} INFO - [2024-04-23 23:37:34,211] {dag.py:2919} INFO - Setting next_dagrun for first_dag to 2024-04-23T23:36:34.210684+00:00, run_after=2024-04-23T23:37:34.210684+00:00
[2024-04-23 23:37:34,338] {processor.py:161} INFO - Processing /opt/airflow/dags/first_dag.py took 0.594 seconds
[2024-04-23 23:39:02,622] {processor.py:153} INFO - Started process (PID=49) to work on /opt/airflow/dags/first_dag.py
[2024-04-23 23:39:02,639] {processor.py:641} INFO - Processing file /opt/airflow/dags/first_dag.py for tasks to queue
[2024-04-23 23:39:02,640] {logging_mixin.py:115} INFO - [2024-04-23 23:39:02,640] {dagbag.py:507} INFO - Filling up the DagBag from /opt/airflow/dags/first_dag.py
[2024-04-23 23:39:02,678] {processor.py:651} INFO - DAG(s) dict_keys(['first_dag']) retrieved from /opt/airflow/dags/first_dag.py
[2024-04-23 23:39:02,731] {logging_mixin.py:115} INFO - [2024-04-23 23:39:02,731] {dag.py:2371} INFO - Sync 1 DAGs
[2024-04-23 23:39:02,776] {logging_mixin.py:115} INFO - [2024-04-23 23:39:02,776] {dag.py:2919} INFO - Setting next_dagrun for first_dag to 2024-04-23T23:38:02.774624+00:00, run_after=2024-04-23T23:39:02.774624+00:00
[2024-04-23 23:39:02,799] {processor.py:161} INFO - Processing /opt/airflow/dags/first_dag.py took 0.182 seconds
